C:\Users\adevito\Documents\tools\libewf-20160424\msvscpp\libsmdev\Release\cl.command.1.tlog
C:\Users\adevito\Documents\tools\libewf-20160424\msvscpp\libsmdev\Release\CL.read.1.tlog
C:\Users\adevito\Documents\tools\libewf-20160424\msvscpp\libsmdev\Release\CL.write.1.tlog
C:\Users\adevito\Documents\tools\libewf-20160424\msvscpp\libsmdev\Release\lib.command.1.tlog
C:\Users\adevito\Documents\tools\libewf-20160424\msvscpp\libsmdev\Release\Lib-link.read.1.tlog
C:\Users\adevito\Documents\tools\libewf-20160424\msvscpp\libsmdev\Release\Lib-link.write.1.tlog
C:\Users\adevito\Documents\tools\libewf-20160424\msvscpp\libsmdev\Release\libsmdev.vcxprojResolveAssemblyReference.cache
C:\Users\adevito\Documents\tools\libewf-20160424\msvscpp\libsmdev\Release\libsmdev.write.1.tlog
C:\USERS\ADEVITO\DOCUMENTS\TOOLS\LIBEWF-20160424\MSVSCPP\LIBSMDEV\RELEASE\LIBSMDEV_ATA.OBJ
C:\USERS\ADEVITO\DOCUMENTS\TOOLS\LIBEWF-20160424\MSVSCPP\LIBSMDEV\RELEASE\LIBSMDEV_DEBUG.OBJ
C:\USERS\ADEVITO\DOCUMENTS\TOOLS\LIBEWF-20160424\MSVSCPP\LIBSMDEV\RELEASE\LIBSMDEV_ERROR.OBJ
C:\USERS\ADEVITO\DOCUMENTS\TOOLS\LIBEWF-20160424\MSVSCPP\LIBSMDEV\RELEASE\LIBSMDEV_HANDLE.OBJ
C:\USERS\ADEVITO\DOCUMENTS\TOOLS\LIBEWF-20160424\MSVSCPP\LIBSMDEV\RELEASE\LIBSMDEV_METADATA.OBJ
C:\USERS\ADEVITO\DOCUMENTS\TOOLS\LIBEWF-20160424\MSVSCPP\LIBSMDEV\RELEASE\LIBSMDEV_NOTIFY.OBJ
C:\USERS\ADEVITO\DOCUMENTS\TOOLS\LIBEWF-20160424\MSVSCPP\LIBSMDEV\RELEASE\LIBSMDEV_OPTICAL_DISC.OBJ
C:\USERS\ADEVITO\DOCUMENTS\TOOLS\LIBEWF-20160424\MSVSCPP\LIBSMDEV\RELEASE\LIBSMDEV_SCSI.OBJ
C:\USERS\ADEVITO\DOCUMENTS\TOOLS\LIBEWF-20160424\MSVSCPP\LIBSMDEV\RELEASE\LIBSMDEV_SECTOR_RANGE.OBJ
C:\USERS\ADEVITO\DOCUMENTS\TOOLS\LIBEWF-20160424\MSVSCPP\LIBSMDEV\RELEASE\LIBSMDEV_STRING.OBJ
C:\USERS\ADEVITO\DOCUMENTS\TOOLS\LIBEWF-20160424\MSVSCPP\LIBSMDEV\RELEASE\LIBSMDEV_SUPPORT.OBJ
C:\USERS\ADEVITO\DOCUMENTS\TOOLS\LIBEWF-20160424\MSVSCPP\LIBSMDEV\RELEASE\LIBSMDEV_TRACK_VALUE.OBJ
C:\USERS\ADEVITO\DOCUMENTS\TOOLS\LIBEWF-20160424\MSVSCPP\LIBSMDEV\RELEASE\LIBSMDEV_USB.OBJ
C:\USERS\ADEVITO\DOCUMENTS\TOOLS\LIBEWF-20160424\MSVSCPP\LIBSMDEV\RELEASE\VC100.PDB
C:\USERS\ADEVITO\DOCUMENTS\TOOLS\LIBEWF-20160424\MSVSCPP\RELEASE\LIBSMDEV.LIB
