C:\Users\adevito\Documents\tools\libewf-20160424\msvscpp\libcthreads\Release\cl.command.1.tlog
C:\Users\adevito\Documents\tools\libewf-20160424\msvscpp\libcthreads\Release\CL.read.1.tlog
C:\Users\adevito\Documents\tools\libewf-20160424\msvscpp\libcthreads\Release\CL.write.1.tlog
C:\Users\adevito\Documents\tools\libewf-20160424\msvscpp\libcthreads\Release\lib.command.1.tlog
C:\Users\adevito\Documents\tools\libewf-20160424\msvscpp\libcthreads\Release\libcthreads.vcxprojResolveAssemblyReference.cache
C:\Users\adevito\Documents\tools\libewf-20160424\msvscpp\libcthreads\Release\libcthreads.write.1.tlog
C:\USERS\ADEVITO\DOCUMENTS\TOOLS\LIBEWF-20160424\MSVSCPP\LIBCTHREADS\RELEASE\LIBCTHREADS_CONDITION.OBJ
C:\USERS\ADEVITO\DOCUMENTS\TOOLS\LIBEWF-20160424\MSVSCPP\LIBCTHREADS\RELEASE\LIBCTHREADS_ERROR.OBJ
C:\USERS\ADEVITO\DOCUMENTS\TOOLS\LIBEWF-20160424\MSVSCPP\LIBCTHREADS\RELEASE\LIBCTHREADS_LOCK.OBJ
C:\USERS\ADEVITO\DOCUMENTS\TOOLS\LIBEWF-20160424\MSVSCPP\LIBCTHREADS\RELEASE\LIBCTHREADS_MUTEX.OBJ
C:\USERS\ADEVITO\DOCUMENTS\TOOLS\LIBEWF-20160424\MSVSCPP\LIBCTHREADS\RELEASE\LIBCTHREADS_QUEUE.OBJ
C:\USERS\ADEVITO\DOCUMENTS\TOOLS\LIBEWF-20160424\MSVSCPP\LIBCTHREADS\RELEASE\LIBCTHREADS_READ_WRITE_LOCK.OBJ
C:\USERS\ADEVITO\DOCUMENTS\TOOLS\LIBEWF-20160424\MSVSCPP\LIBCTHREADS\RELEASE\LIBCTHREADS_REPEATING_THREAD.OBJ
C:\USERS\ADEVITO\DOCUMENTS\TOOLS\LIBEWF-20160424\MSVSCPP\LIBCTHREADS\RELEASE\LIBCTHREADS_SUPPORT.OBJ
C:\USERS\ADEVITO\DOCUMENTS\TOOLS\LIBEWF-20160424\MSVSCPP\LIBCTHREADS\RELEASE\LIBCTHREADS_THREAD.OBJ
C:\USERS\ADEVITO\DOCUMENTS\TOOLS\LIBEWF-20160424\MSVSCPP\LIBCTHREADS\RELEASE\LIBCTHREADS_THREAD_ATTRIBUTES.OBJ
C:\USERS\ADEVITO\DOCUMENTS\TOOLS\LIBEWF-20160424\MSVSCPP\LIBCTHREADS\RELEASE\LIBCTHREADS_THREAD_POOL.OBJ
C:\Users\adevito\Documents\tools\libewf-20160424\msvscpp\libcthreads\Release\Lib-link.read.1.tlog
C:\Users\adevito\Documents\tools\libewf-20160424\msvscpp\libcthreads\Release\Lib-link.write.1.tlog
C:\USERS\ADEVITO\DOCUMENTS\TOOLS\LIBEWF-20160424\MSVSCPP\LIBCTHREADS\RELEASE\VC100.PDB
C:\USERS\ADEVITO\DOCUMENTS\TOOLS\LIBEWF-20160424\MSVSCPP\RELEASE\LIBCTHREADS.LIB
