C:\USERS\ADEVITO\DOCUMENTS\TOOLS\LIBEWF-20160424\MSVSCPP\RELEASE\ZLIB.DLL
C:\Users\adevito\Documents\tools\libewf-20160424\msvscpp\Release\zlib.exp
C:\Users\adevito\Documents\tools\libewf-20160424\msvscpp\Release\zlib.lib
C:\USERS\ADEVITO\DOCUMENTS\TOOLS\LIBEWF-20160424\MSVSCPP\ZLIB\RELEASE\ADLER32.OBJ
C:\Users\adevito\Documents\tools\libewf-20160424\msvscpp\zlib\Release\cl.command.1.tlog
C:\Users\adevito\Documents\tools\libewf-20160424\msvscpp\zlib\Release\CL.read.1.tlog
C:\Users\adevito\Documents\tools\libewf-20160424\msvscpp\zlib\Release\CL.write.1.tlog
C:\USERS\ADEVITO\DOCUMENTS\TOOLS\LIBEWF-20160424\MSVSCPP\ZLIB\RELEASE\COMPRESS.OBJ
C:\USERS\ADEVITO\DOCUMENTS\TOOLS\LIBEWF-20160424\MSVSCPP\ZLIB\RELEASE\CRC32.OBJ
C:\USERS\ADEVITO\DOCUMENTS\TOOLS\LIBEWF-20160424\MSVSCPP\ZLIB\RELEASE\DEFLATE.OBJ
C:\USERS\ADEVITO\DOCUMENTS\TOOLS\LIBEWF-20160424\MSVSCPP\ZLIB\RELEASE\GZCLOSE.OBJ
C:\USERS\ADEVITO\DOCUMENTS\TOOLS\LIBEWF-20160424\MSVSCPP\ZLIB\RELEASE\GZLIB.OBJ
C:\USERS\ADEVITO\DOCUMENTS\TOOLS\LIBEWF-20160424\MSVSCPP\ZLIB\RELEASE\GZREAD.OBJ
C:\USERS\ADEVITO\DOCUMENTS\TOOLS\LIBEWF-20160424\MSVSCPP\ZLIB\RELEASE\GZWRITE.OBJ
C:\USERS\ADEVITO\DOCUMENTS\TOOLS\LIBEWF-20160424\MSVSCPP\ZLIB\RELEASE\INFBACK.OBJ
C:\USERS\ADEVITO\DOCUMENTS\TOOLS\LIBEWF-20160424\MSVSCPP\ZLIB\RELEASE\INFFAST.OBJ
C:\USERS\ADEVITO\DOCUMENTS\TOOLS\LIBEWF-20160424\MSVSCPP\ZLIB\RELEASE\INFLATE.OBJ
C:\USERS\ADEVITO\DOCUMENTS\TOOLS\LIBEWF-20160424\MSVSCPP\ZLIB\RELEASE\INFTREES.OBJ
C:\Users\adevito\Documents\tools\libewf-20160424\msvscpp\zlib\Release\link.command.1.tlog
C:\Users\adevito\Documents\tools\libewf-20160424\msvscpp\zlib\Release\link.read.1.tlog
C:\Users\adevito\Documents\tools\libewf-20160424\msvscpp\zlib\Release\link.write.1.tlog
C:\Users\adevito\Documents\tools\libewf-20160424\msvscpp\zlib\Release\link-cvtres.read.1.tlog
C:\Users\adevito\Documents\tools\libewf-20160424\msvscpp\zlib\Release\link-cvtres.write.1.tlog
C:\Users\adevito\Documents\tools\libewf-20160424\msvscpp\zlib\Release\mt.command.1.tlog
C:\Users\adevito\Documents\tools\libewf-20160424\msvscpp\zlib\Release\mt.read.1.tlog
C:\Users\adevito\Documents\tools\libewf-20160424\msvscpp\zlib\Release\mt.write.1.tlog
C:\Users\adevito\Documents\tools\libewf-20160424\msvscpp\zlib\Release\rc.command.1.tlog
C:\Users\adevito\Documents\tools\libewf-20160424\msvscpp\zlib\Release\rc.read.1.tlog
C:\Users\adevito\Documents\tools\libewf-20160424\msvscpp\zlib\Release\rc.write.1.tlog
C:\USERS\ADEVITO\DOCUMENTS\TOOLS\LIBEWF-20160424\MSVSCPP\ZLIB\RELEASE\TREES.OBJ
C:\USERS\ADEVITO\DOCUMENTS\TOOLS\LIBEWF-20160424\MSVSCPP\ZLIB\RELEASE\UNCOMPR.OBJ
C:\USERS\ADEVITO\DOCUMENTS\TOOLS\LIBEWF-20160424\MSVSCPP\ZLIB\RELEASE\VC100.PDB
C:\USERS\ADEVITO\DOCUMENTS\TOOLS\LIBEWF-20160424\MSVSCPP\ZLIB\RELEASE\ZLIB.DLL.INTERMEDIATE.MANIFEST
C:\Users\adevito\Documents\tools\libewf-20160424\msvscpp\zlib\Release\zlib.write.1.tlog
C:\USERS\ADEVITO\DOCUMENTS\TOOLS\LIBEWF-20160424\MSVSCPP\ZLIB\RELEASE\ZLIB1.RES
C:\USERS\ADEVITO\DOCUMENTS\TOOLS\LIBEWF-20160424\MSVSCPP\ZLIB\RELEASE\ZUTIL.OBJ
