Build started 18/10/2016 11:38:50.
     1>Project "C:\Users\adevito\Documents\tools\libewf-20160424\msvscpp\zlib\zlib.vcxproj" on node 3 (rebuild target(s)).
     1>_PrepareForClean:
         Deleting file "Release\zlib.lastbuildstate".
       InitializeBuildStatus:
         Creating "Release\zlib.unsuccessfulbuild" because "AlwaysCreate" was specified.
       ClCompile:
         C:\Program Files (x86)\Microsoft Visual Studio 10.0\VC\bin\CL.exe /c /I..\..\..\zlib /Zi /nologo /W4 /WX- /O2 /Oy- /D WIN32 /D NDEBUG /D _WINDOWS /D _USRDLL /D _CRT_SECURE_NO_WARNINGS /D ZLIB_DLL /D _WINDLL /D _UNICODE /D UNICODE /Gm- /EHsc /MD /GS /fp:precise /Zc:wchar_t /Zc:forScope /Fo"Release\\" /Fd"Release\vc100.pdb" /Gd /TC /analyze- /errorReport:prompt ..\..\..\zlib\adler32.c ..\..\..\zlib\compress.c ..\..\..\zlib\crc32.c ..\..\..\zlib\deflate.c ..\..\..\zlib\gzclose.c ..\..\..\zlib\gzlib.c ..\..\..\zlib\gzread.c ..\..\..\zlib\gzwrite.c ..\..\..\zlib\infback.c ..\..\..\zlib\inffast.c ..\..\..\zlib\inflate.c ..\..\..\zlib\inftrees.c ..\..\..\zlib\trees.c ..\..\..\zlib\uncompr.c ..\..\..\zlib\zutil.c
         adler32.c
     1>..\..\..\zlib\adler32.c(66): warning C4131: 'adler32' : uses old-style declarator
     1>..\..\..\zlib\adler32.c(137): warning C4131: 'adler32_combine_' : uses old-style declarator
     1>..\..\..\zlib\adler32.c(166): warning C4131: 'adler32_combine' : uses old-style declarator
     1>..\..\..\zlib\adler32.c(174): warning C4131: 'adler32_combine64' : uses old-style declarator
         compress.c
     1>..\..\..\zlib\compress.c(23): warning C4131: 'compress2' : uses old-style declarator
     1>..\..\..\zlib\compress.c(63): warning C4131: 'compress' : uses old-style declarator
     1>..\..\..\zlib\compress.c(76): warning C4131: 'compressBound' : uses old-style declarator
         crc32.c
     1>..\..\..\zlib\crc32.c(205): warning C4131: 'crc32' : uses old-style declarator
     1>..\..\..\zlib\crc32.c(217): warning C4127: conditional expression is constant
     1>..\..\..\zlib\crc32.c(248): warning C4131: 'crc32_little' : uses old-style declarator
     1>..\..\..\zlib\crc32.c(288): warning C4131: 'crc32_big' : uses old-style declarator
     1>..\..\..\zlib\crc32.c(328): warning C4131: 'gf2_matrix_times' : uses old-style declarator
     1>..\..\..\zlib\crc32.c(345): warning C4131: 'gf2_matrix_square' : uses old-style declarator
     1>..\..\..\zlib\crc32.c(356): warning C4131: 'crc32_combine_' : uses old-style declarator
     1>..\..\..\zlib\crc32.c(412): warning C4131: 'crc32_combine' : uses old-style declarator
     1>..\..\..\zlib\crc32.c(420): warning C4131: 'crc32_combine64' : uses old-style declarator
         deflate.c
     1>..\..\..\zlib\deflate.c(202): warning C4131: 'deflateInit_' : uses old-style declarator
     1>..\..\..\zlib\deflate.c(215): warning C4131: 'deflateInit2_' : uses old-style declarator
     1>..\..\..\zlib\deflate.c(324): warning C4131: 'deflateSetDictionary' : uses old-style declarator
     1>..\..\..\zlib\deflate.c(393): warning C4131: 'deflateResetKeep' : uses old-style declarator
     1>..\..\..\zlib\deflate.c(428): warning C4131: 'deflateReset' : uses old-style declarator
     1>..\..\..\zlib\deflate.c(440): warning C4131: 'deflateSetHeader' : uses old-style declarator
     1>..\..\..\zlib\deflate.c(451): warning C4131: 'deflatePending' : uses old-style declarator
     1>..\..\..\zlib\deflate.c(465): warning C4131: 'deflatePrime' : uses old-style declarator
     1>..\..\..\zlib\deflate.c(491): warning C4131: 'deflateParams' : uses old-style declarator
     1>..\..\..\zlib\deflate.c(532): warning C4131: 'deflateTune' : uses old-style declarator
     1>..\..\..\zlib\deflate.c(567): warning C4131: 'deflateBound' : uses old-style declarator
     1>..\..\..\zlib\deflate.c(629): warning C4131: 'putShortMSB' : uses old-style declarator
     1>..\..\..\zlib\deflate.c(643): warning C4131: 'flush_pending' : uses old-style declarator
     1>..\..\..\zlib\deflate.c(666): warning C4131: 'deflate' : uses old-style declarator
     1>..\..\..\zlib\deflate.c(811): warning C4244: '=' : conversion from 'int' to 'Bytef', possible loss of data
     1>..\..\..\zlib\deflate.c(842): warning C4244: '=' : conversion from 'int' to 'Bytef', possible loss of data
     1>..\..\..\zlib\deflate.c(980): warning C4131: 'deflateEnd' : uses old-style declarator
     1>..\..\..\zlib\deflate.c(1015): warning C4131: 'deflateCopy' : uses old-style declarator
     1>..\..\..\zlib\deflate.c(1077): warning C4131: 'read_buf' : uses old-style declarator
     1>..\..\..\zlib\deflate.c(1107): warning C4131: 'lm_init' : uses old-style declarator
     1>..\..\..\zlib\deflate.c(1149): warning C4131: 'longest_match' : uses old-style declarator
     1>..\..\..\zlib\deflate.c(1391): warning C4131: 'fill_window' : uses old-style declarator
     1>..\..\..\zlib\deflate.c(1404): warning C4127: conditional expression is constant
     1>..\..\..\zlib\deflate.c(1565): warning C4131: 'deflate_stored' : uses old-style declarator
     1>..\..\..\zlib\deflate.c(1629): warning C4131: 'deflate_fast' : uses old-style declarator
     1>..\..\..\zlib\deflate.c(1672): warning C4244: 'initializing' : conversion from 'uInt' to 'uch', possible loss of data
     1>..\..\..\zlib\deflate.c(1672): warning C4244: 'initializing' : conversion from 'uInt' to 'ush', possible loss of data
     1>..\..\..\zlib\deflate.c(1731): warning C4131: 'deflate_slow' : uses old-style declarator
     1>..\..\..\zlib\deflate.c(1797): warning C4244: 'initializing' : conversion from 'uInt' to 'uch', possible loss of data
     1>..\..\..\zlib\deflate.c(1797): warning C4244: 'initializing' : conversion from 'uInt' to 'ush', possible loss of data
     1>..\..\..\zlib\deflate.c(1862): warning C4131: 'deflate_rle' : uses old-style declarator
     1>..\..\..\zlib\deflate.c(1906): warning C4244: 'initializing' : conversion from 'uInt' to 'uch', possible loss of data
     1>..\..\..\zlib\deflate.c(1935): warning C4131: 'deflate_huff' : uses old-style declarator
         gzclose.c
     1>..\..\..\zlib\gzclose.c(12): warning C4131: 'gzclose' : uses old-style declarator
         gzlib.c
     1>..\..\..\zlib\gzlib.c(76): warning C4131: 'gz_reset' : uses old-style declarator
     1>..\..\..\zlib\gzlib.c(92): warning C4131: 'gz_open' : uses old-style declarator
     1>..\..\..\zlib\gzlib.c(245): warning C4996: 'open': The POSIX name for this item is deprecated. Instead, use the ISO C++ conformant name: _open. See online help for details.
                 C:\Program Files (x86)\Microsoft Visual Studio 10.0\VC\include\io.h(312) : see declaration of 'open'
     1>..\..\..\zlib\gzlib.c(269): warning C4131: 'gzopen' : uses old-style declarator
     1>..\..\..\zlib\gzlib.c(277): warning C4131: 'gzopen64' : uses old-style declarator
     1>..\..\..\zlib\gzlib.c(285): warning C4131: 'gzdopen' : uses old-style declarator
     1>..\..\..\zlib\gzlib.c(306): warning C4131: 'gzopen_w' : uses old-style declarator
     1>..\..\..\zlib\gzlib.c(315): warning C4131: 'gzbuffer' : uses old-style declarator
     1>..\..\..\zlib\gzlib.c(340): warning C4131: 'gzrewind' : uses old-style declarator
     1>..\..\..\zlib\gzlib.c(363): warning C4131: 'gzseek64' : uses old-style declarator
     1>..\..\..\zlib\gzlib.c(440): warning C4131: 'gzseek' : uses old-style declarator
     1>..\..\..\zlib\gzlib.c(452): warning C4131: 'gztell64' : uses old-style declarator
     1>..\..\..\zlib\gzlib.c(469): warning C4131: 'gztell' : uses old-style declarator
     1>..\..\..\zlib\gzlib.c(479): warning C4131: 'gzoffset64' : uses old-style declarator
     1>..\..\..\zlib\gzlib.c(502): warning C4131: 'gzoffset' : uses old-style declarator
     1>..\..\..\zlib\gzlib.c(512): warning C4131: 'gzeof' : uses old-style declarator
     1>..\..\..\zlib\gzlib.c(529): warning C4131: 'gzerror' : uses old-style declarator
     1>..\..\..\zlib\gzlib.c(550): warning C4131: 'gzclearerr' : uses old-style declarator
     1>..\..\..\zlib\gzlib.c(576): warning C4131: 'gz_error' : uses old-style declarator
         gzread.c
     1>..\..\..\zlib\gzread.c(21): warning C4131: 'gz_load' : uses old-style declarator
     1>..\..\..\zlib\gzread.c(30): warning C4996: 'read': The POSIX name for this item is deprecated. Instead, use the ISO C++ conformant name: _read. See online help for details.
                 C:\Program Files (x86)\Microsoft Visual Studio 10.0\VC\include\io.h(313) : see declaration of 'read'
     1>..\..\..\zlib\gzread.c(52): warning C4131: 'gz_avail' : uses old-style declarator
     1>..\..\..\zlib\gzread.c(87): warning C4131: 'gz_look' : uses old-style declarator
     1>..\..\..\zlib\gzread.c(173): warning C4131: 'gz_decomp' : uses old-style declarator
     1>..\..\..\zlib\gzread.c(227): warning C4131: 'gz_fetch' : uses old-style declarator
     1>..\..\..\zlib\gzread.c(257): warning C4131: 'gz_skip' : uses old-style declarator
     1>..\..\..\zlib\gzread.c(289): warning C4131: 'gzread' : uses old-style declarator
     1>..\..\..\zlib\gzread.c(388): warning C4131: 'gzgetc' : uses old-style declarator
     1>..\..\..\zlib\gzread.c(417): warning C4131: 'gzgetc_' : uses old-style declarator
     1>..\..\..\zlib\gzread.c(424): warning C4131: 'gzungetc' : uses old-style declarator
     1>..\..\..\zlib\gzread.c(454): warning C4244: '=' : conversion from 'int' to 'unsigned char', possible loss of data
     1>..\..\..\zlib\gzread.c(476): warning C4244: '=' : conversion from 'int' to 'unsigned char', possible loss of data
     1>..\..\..\zlib\gzread.c(484): warning C4131: 'gzgets' : uses old-style declarator
     1>..\..\..\zlib\gzread.c(548): warning C4131: 'gzdirect' : uses old-style declarator
     1>..\..\..\zlib\gzread.c(568): warning C4131: 'gzclose_r' : uses old-style declarator
     1>..\..\..\zlib\gzread.c(591): warning C4996: 'close': The POSIX name for this item is deprecated. Instead, use the ISO C++ conformant name: _close. See online help for details.
                 C:\Program Files (x86)\Microsoft Visual Studio 10.0\VC\include\io.h(302) : see declaration of 'close'
         gzwrite.c
     1>..\..\..\zlib\gzwrite.c(16): warning C4131: 'gz_init' : uses old-style declarator
     1>..\..\..\zlib\gzwrite.c(71): warning C4131: 'gz_comp' : uses old-style declarator
     1>..\..\..\zlib\gzwrite.c(84): warning C4996: 'write': The POSIX name for this item is deprecated. Instead, use the ISO C++ conformant name: _write. See online help for details.
                 C:\Program Files (x86)\Microsoft Visual Studio 10.0\VC\include\io.h(318) : see declaration of 'write'
     1>..\..\..\zlib\gzwrite.c(102): warning C4996: 'write': The POSIX name for this item is deprecated. Instead, use the ISO C++ conformant name: _write. See online help for details.
                 C:\Program Files (x86)\Microsoft Visual Studio 10.0\VC\include\io.h(318) : see declaration of 'write'
     1>..\..\..\zlib\gzwrite.c(134): warning C4131: 'gz_zero' : uses old-style declarator
     1>..\..\..\zlib\gzwrite.c(166): warning C4131: 'gzwrite' : uses old-style declarator
     1>..\..\..\zlib\gzwrite.c(246): warning C4131: 'gzputc' : uses old-style declarator
     1>..\..\..\zlib\gzwrite.c(278): warning C4244: '=' : conversion from 'int' to 'unsigned char', possible loss of data
     1>..\..\..\zlib\gzwrite.c(286): warning C4244: '=' : conversion from 'int' to 'unsigned char', possible loss of data
     1>..\..\..\zlib\gzwrite.c(294): warning C4131: 'gzputs' : uses old-style declarator
     1>..\..\..\zlib\gzwrite.c(466): warning C4131: 'gzflush' : uses old-style declarator
     1>..\..\..\zlib\gzwrite.c(498): warning C4131: 'gzsetparams' : uses old-style declarator
     1>..\..\..\zlib\gzwrite.c(540): warning C4131: 'gzclose_w' : uses old-style declarator
     1>..\..\..\zlib\gzwrite.c(573): warning C4996: 'close': The POSIX name for this item is deprecated. Instead, use the ISO C++ conformant name: _close. See online help for details.
                 C:\Program Files (x86)\Microsoft Visual Studio 10.0\VC\include\io.h(302) : see declaration of 'close'
         infback.c
     1>..\..\..\zlib\infback.c(29): warning C4131: 'inflateBackInit_' : uses old-style declarator
     1>..\..\..\zlib\infback.c(83): warning C4131: 'fixedtables' : uses old-style declarator
     1>..\..\..\zlib\infback.c(251): warning C4131: 'inflateBack' : uses old-style declarator
     1>..\..\..\zlib\infback.c(295): warning C4127: conditional expression is constant
     1>..\..\..\zlib\infback.c(299): warning C4127: conditional expression is constant
     1>..\..\..\zlib\infback.c(299): warning C4127: conditional expression is constant
     1>..\..\..\zlib\infback.c(299): warning C4127: conditional expression is constant
     1>..\..\..\zlib\infback.c(301): warning C4127: conditional expression is constant
     1>..\..\..\zlib\infback.c(323): warning C4127: conditional expression is constant
     1>..\..\..\zlib\infback.c(328): warning C4127: conditional expression is constant
     1>..\..\..\zlib\infback.c(329): warning C4127: conditional expression is constant
     1>..\..\..\zlib\infback.c(329): warning C4127: conditional expression is constant
     1>..\..\..\zlib\infback.c(329): warning C4127: conditional expression is constant
     1>..\..\..\zlib\infback.c(338): warning C4127: conditional expression is constant
     1>..\..\..\zlib\infback.c(343): warning C4127: conditional expression is constant
     1>..\..\..\zlib\infback.c(344): warning C4127: conditional expression is constant
     1>..\..\..\zlib\infback.c(360): warning C4127: conditional expression is constant
     1>..\..\..\zlib\infback.c(360): warning C4127: conditional expression is constant
     1>..\..\..\zlib\infback.c(360): warning C4127: conditional expression is constant
     1>..\..\..\zlib\infback.c(362): warning C4127: conditional expression is constant
     1>..\..\..\zlib\infback.c(364): warning C4127: conditional expression is constant
     1>..\..\..\zlib\infback.c(366): warning C4127: conditional expression is constant
     1>..\..\..\zlib\infback.c(379): warning C4127: conditional expression is constant
     1>..\..\..\zlib\infback.c(379): warning C4127: conditional expression is constant
     1>..\..\..\zlib\infback.c(379): warning C4127: conditional expression is constant
     1>..\..\..\zlib\infback.c(381): warning C4127: conditional expression is constant
     1>..\..\..\zlib\infback.c(403): warning C4127: conditional expression is constant
     1>..\..\..\zlib\infback.c(403): warning C4127: conditional expression is constant
     1>..\..\..\zlib\infback.c(406): warning C4127: conditional expression is constant
     1>..\..\..\zlib\infback.c(411): warning C4127: conditional expression is constant
     1>..\..\..\zlib\infback.c(411): warning C4127: conditional expression is constant
     1>..\..\..\zlib\infback.c(411): warning C4127: conditional expression is constant
     1>..\..\..\zlib\infback.c(412): warning C4127: conditional expression is constant
     1>..\..\..\zlib\infback.c(420): warning C4127: conditional expression is constant
     1>..\..\..\zlib\infback.c(423): warning C4127: conditional expression is constant
     1>..\..\..\zlib\infback.c(423): warning C4127: conditional expression is constant
     1>..\..\..\zlib\infback.c(423): warning C4127: conditional expression is constant
     1>..\..\..\zlib\infback.c(424): warning C4127: conditional expression is constant
     1>..\..\..\zlib\infback.c(427): warning C4127: conditional expression is constant
     1>..\..\..\zlib\infback.c(430): warning C4127: conditional expression is constant
     1>..\..\..\zlib\infback.c(430): warning C4127: conditional expression is constant
     1>..\..\..\zlib\infback.c(430): warning C4127: conditional expression is constant
     1>..\..\..\zlib\infback.c(431): warning C4127: conditional expression is constant
     1>..\..\..\zlib\infback.c(434): warning C4127: conditional expression is constant
     1>..\..\..\zlib\infback.c(484): warning C4127: conditional expression is constant
     1>..\..\..\zlib\infback.c(488): warning C4127: conditional expression is constant
     1>..\..\..\zlib\infback.c(496): warning C4127: conditional expression is constant
     1>..\..\..\zlib\infback.c(496): warning C4127: conditional expression is constant
     1>..\..\..\zlib\infback.c(504): warning C4127: conditional expression is constant
     1>..\..\..\zlib\infback.c(504): warning C4127: conditional expression is constant
     1>..\..\..\zlib\infback.c(506): warning C4127: conditional expression is constant
     1>..\..\..\zlib\infback.c(508): warning C4127: conditional expression is constant
     1>..\..\..\zlib\infback.c(516): warning C4127: conditional expression is constant
     1>..\..\..\zlib\infback.c(540): warning C4127: conditional expression is constant
     1>..\..\..\zlib\infback.c(540): warning C4127: conditional expression is constant
     1>..\..\..\zlib\infback.c(540): warning C4127: conditional expression is constant
     1>..\..\..\zlib\infback.c(542): warning C4127: conditional expression is constant
     1>..\..\..\zlib\infback.c(550): warning C4127: conditional expression is constant
     1>..\..\..\zlib\infback.c(550): warning C4127: conditional expression is constant
     1>..\..\..\zlib\infback.c(558): warning C4127: conditional expression is constant
     1>..\..\..\zlib\infback.c(558): warning C4127: conditional expression is constant
     1>..\..\..\zlib\infback.c(560): warning C4127: conditional expression is constant
     1>..\..\..\zlib\infback.c(562): warning C4127: conditional expression is constant
     1>..\..\..\zlib\infback.c(573): warning C4127: conditional expression is constant
     1>..\..\..\zlib\infback.c(573): warning C4127: conditional expression is constant
     1>..\..\..\zlib\infback.c(573): warning C4127: conditional expression is constant
     1>..\..\..\zlib\infback.c(575): warning C4127: conditional expression is constant
     1>..\..\..\zlib\infback.c(587): warning C4127: conditional expression is constant
     1>..\..\..\zlib\infback.c(632): warning C4131: 'inflateBackEnd' : uses old-style declarator
         inffast.c
     1>..\..\..\zlib\inffast.c(68): warning C4131: 'inflate_fast' : uses old-style declarator
         inflate.c
     1>..\..\..\zlib\inflate.c(105): warning C4131: 'inflateResetKeep' : uses old-style declarator
     1>..\..\..\zlib\inflate.c(130): warning C4131: 'inflateReset' : uses old-style declarator
     1>..\..\..\zlib\inflate.c(143): warning C4131: 'inflateReset2' : uses old-style declarator
     1>..\..\..\zlib\inflate.c(181): warning C4131: 'inflateInit2_' : uses old-style declarator
     1>..\..\..\zlib\inflate.c(223): warning C4131: 'inflateInit_' : uses old-style declarator
     1>..\..\..\zlib\inflate.c(231): warning C4131: 'inflatePrime' : uses old-style declarator
     1>..\..\..\zlib\inflate.c(262): warning C4131: 'fixedtables' : uses old-style declarator
     1>..\..\..\zlib\inflate.c(380): warning C4131: 'updatewindow' : uses old-style declarator
     1>..\..\..\zlib\inflate.c(606): warning C4131: 'inflate' : uses old-style declarator
     1>..\..\..\zlib\inflate.c(634): warning C4127: conditional expression is constant
     1>..\..\..\zlib\inflate.c(645): warning C4127: conditional expression is constant
     1>..\..\..\zlib\inflate.c(645): warning C4127: conditional expression is constant
     1>..\..\..\zlib\inflate.c(649): warning C4127: conditional expression is constant
     1>..\..\..\zlib\inflate.c(650): warning C4127: conditional expression is constant
     1>..\..\..\zlib\inflate.c(671): warning C4127: conditional expression is constant
     1>..\..\..\zlib\inflate.c(684): warning C4127: conditional expression is constant
     1>..\..\..\zlib\inflate.c(688): warning C4127: conditional expression is constant
     1>..\..\..\zlib\inflate.c(688): warning C4127: conditional expression is constant
     1>..\..\..\zlib\inflate.c(702): warning C4127: conditional expression is constant
     1>..\..\..\zlib\inflate.c(703): warning C4127: conditional expression is constant
     1>..\..\..\zlib\inflate.c(706): warning C4127: conditional expression is constant
     1>..\..\..\zlib\inflate.c(706): warning C4127: conditional expression is constant
     1>..\..\..\zlib\inflate.c(709): warning C4127: conditional expression is constant
     1>..\..\..\zlib\inflate.c(710): warning C4127: conditional expression is constant
     1>..\..\..\zlib\inflate.c(713): warning C4127: conditional expression is constant
     1>..\..\..\zlib\inflate.c(713): warning C4127: conditional expression is constant
     1>..\..\..\zlib\inflate.c(718): warning C4127: conditional expression is constant
     1>..\..\..\zlib\inflate.c(719): warning C4127: conditional expression is constant
     1>..\..\..\zlib\inflate.c(723): warning C4127: conditional expression is constant
     1>..\..\..\zlib\inflate.c(723): warning C4127: conditional expression is constant
     1>..\..\..\zlib\inflate.c(727): warning C4127: conditional expression is constant
     1>..\..\..\zlib\inflate.c(728): warning C4127: conditional expression is constant
     1>..\..\..\zlib\inflate.c(764): warning C4244: '=' : conversion from 'unsigned int' to 'Bytef', possible loss of data
     1>..\..\..\zlib\inflate.c(785): warning C4244: '=' : conversion from 'unsigned int' to 'Bytef', possible loss of data
     1>..\..\..\zlib\inflate.c(798): warning C4127: conditional expression is constant
     1>..\..\..\zlib\inflate.c(798): warning C4127: conditional expression is constant
     1>..\..\..\zlib\inflate.c(804): warning C4127: conditional expression is constant
     1>..\..\..\zlib\inflate.c(815): warning C4127: conditional expression is constant
     1>..\..\..\zlib\inflate.c(815): warning C4127: conditional expression is constant
     1>..\..\..\zlib\inflate.c(817): warning C4127: conditional expression is constant
     1>..\..\..\zlib\inflate.c(821): warning C4127: conditional expression is constant
     1>..\..\..\zlib\inflate.c(830): warning C4127: conditional expression is constant
     1>..\..\..\zlib\inflate.c(834): warning C4127: conditional expression is constant
     1>..\..\..\zlib\inflate.c(834): warning C4127: conditional expression is constant
     1>..\..\..\zlib\inflate.c(836): warning C4127: conditional expression is constant
     1>..\..\..\zlib\inflate.c(849): warning C4127: conditional expression is constant
     1>..\..\..\zlib\inflate.c(862): warning C4127: conditional expression is constant
     1>..\..\..\zlib\inflate.c(865): warning C4127: conditional expression is constant
     1>..\..\..\zlib\inflate.c(866): warning C4127: conditional expression is constant
     1>..\..\..\zlib\inflate.c(866): warning C4127: conditional expression is constant
     1>..\..\..\zlib\inflate.c(875): warning C4127: conditional expression is constant
     1>..\..\..\zlib\inflate.c(898): warning C4127: conditional expression is constant
     1>..\..\..\zlib\inflate.c(898): warning C4127: conditional expression is constant
     1>..\..\..\zlib\inflate.c(900): warning C4127: conditional expression is constant
     1>..\..\..\zlib\inflate.c(902): warning C4127: conditional expression is constant
     1>..\..\..\zlib\inflate.c(904): warning C4127: conditional expression is constant
     1>..\..\..\zlib\inflate.c(917): warning C4127: conditional expression is constant
     1>..\..\..\zlib\inflate.c(917): warning C4127: conditional expression is constant
     1>..\..\..\zlib\inflate.c(919): warning C4127: conditional expression is constant
     1>..\..\..\zlib\inflate.c(941): warning C4127: conditional expression is constant
     1>..\..\..\zlib\inflate.c(944): warning C4127: conditional expression is constant
     1>..\..\..\zlib\inflate.c(949): warning C4127: conditional expression is constant
     1>..\..\..\zlib\inflate.c(949): warning C4127: conditional expression is constant
     1>..\..\..\zlib\inflate.c(950): warning C4127: conditional expression is constant
     1>..\..\..\zlib\inflate.c(958): warning C4127: conditional expression is constant
     1>..\..\..\zlib\inflate.c(961): warning C4127: conditional expression is constant
     1>..\..\..\zlib\inflate.c(961): warning C4127: conditional expression is constant
     1>..\..\..\zlib\inflate.c(962): warning C4127: conditional expression is constant
     1>..\..\..\zlib\inflate.c(965): warning C4127: conditional expression is constant
     1>..\..\..\zlib\inflate.c(968): warning C4127: conditional expression is constant
     1>..\..\..\zlib\inflate.c(968): warning C4127: conditional expression is constant
     1>..\..\..\zlib\inflate.c(969): warning C4127: conditional expression is constant
     1>..\..\..\zlib\inflate.c(972): warning C4127: conditional expression is constant
     1>..\..\..\zlib\inflate.c(1023): warning C4127: conditional expression is constant
     1>..\..\..\zlib\inflate.c(1025): warning C4127: conditional expression is constant
     1>..\..\..\zlib\inflate.c(1034): warning C4127: conditional expression is constant
     1>..\..\..\zlib\inflate.c(1042): warning C4127: conditional expression is constant
     1>..\..\..\zlib\inflate.c(1044): warning C4127: conditional expression is constant
     1>..\..\..\zlib\inflate.c(1047): warning C4127: conditional expression is constant
     1>..\..\..\zlib\inflate.c(1072): warning C4127: conditional expression is constant
     1>..\..\..\zlib\inflate.c(1072): warning C4127: conditional expression is constant
     1>..\..\..\zlib\inflate.c(1074): warning C4127: conditional expression is constant
     1>..\..\..\zlib\inflate.c(1084): warning C4127: conditional expression is constant
     1>..\..\..\zlib\inflate.c(1092): warning C4127: conditional expression is constant
     1>..\..\..\zlib\inflate.c(1094): warning C4127: conditional expression is constant
     1>..\..\..\zlib\inflate.c(1097): warning C4127: conditional expression is constant
     1>..\..\..\zlib\inflate.c(1109): warning C4127: conditional expression is constant
     1>..\..\..\zlib\inflate.c(1109): warning C4127: conditional expression is constant
     1>..\..\..\zlib\inflate.c(1111): warning C4127: conditional expression is constant
     1>..\..\..\zlib\inflate.c(1176): warning C4127: conditional expression is constant
     1>..\..\..\zlib\inflate.c(1176): warning C4127: conditional expression is constant
     1>..\..\..\zlib\inflate.c(1193): warning C4127: conditional expression is constant
     1>..\..\..\zlib\inflate.c(1200): warning C4127: conditional expression is constant
     1>..\..\..\zlib\inflate.c(1200): warning C4127: conditional expression is constant
     1>..\..\..\zlib\inflate.c(1206): warning C4127: conditional expression is constant
     1>..\..\..\zlib\inflate.c(1231): warning C4127: conditional expression is constant
     1>..\..\..\zlib\inflate.c(1255): warning C4131: 'inflateEnd' : uses old-style declarator
     1>..\..\..\zlib\inflate.c(1269): warning C4131: 'inflateGetDictionary' : uses old-style declarator
     1>..\..\..\zlib\inflate.c(1292): warning C4131: 'inflateSetDictionary' : uses old-style declarator
     1>..\..\..\zlib\inflate.c(1327): warning C4131: 'inflateGetHeader' : uses old-style declarator
     1>..\..\..\zlib\inflate.c(1355): warning C4131: 'syncsearch' : uses old-style declarator
     1>..\..\..\zlib\inflate.c(1378): warning C4131: 'inflateSync' : uses old-style declarator
     1>..\..\..\zlib\inflate.c(1429): warning C4131: 'inflateSyncPoint' : uses old-style declarator
     1>..\..\..\zlib\inflate.c(1439): warning C4131: 'inflateCopy' : uses old-style declarator
     1>..\..\..\zlib\inflate.c(1486): warning C4131: 'inflateUndermine' : uses old-style declarator
     1>..\..\..\zlib\inflate.c(1503): warning C4131: 'inflateMark' : uses old-style declarator
         inftrees.c
     1>..\..\..\zlib\inftrees.c(33): warning C4131: 'inflate_table' : uses old-style declarator
         trees.c
     1>..\..\..\zlib\trees.c(382): warning C4131: '_tr_init' : uses old-style declarator
     1>..\..\..\zlib\trees.c(410): warning C4131: 'init_block' : uses old-style declarator
     1>..\..\..\zlib\trees.c(454): warning C4131: 'pqdownheap' : uses old-style declarator
     1>..\..\..\zlib\trees.c(489): warning C4131: 'gen_bitlen' : uses old-style declarator
     1>..\..\..\zlib\trees.c(576): warning C4131: 'gen_codes' : uses old-style declarator
     1>..\..\..\zlib\trees.c(602): warning C4244: '=' : conversion from 'unsigned int' to 'ush', possible loss of data
     1>..\..\..\zlib\trees.c(618): warning C4131: 'build_tree' : uses old-style declarator
     1>..\..\..\zlib\trees.c(706): warning C4131: 'scan_tree' : uses old-style declarator
     1>..\..\..\zlib\trees.c(726): warning C4244: '+=' : conversion from 'int' to 'ush', possible loss of data
     1>..\..\..\zlib\trees.c(751): warning C4131: 'send_tree' : uses old-style declarator
     1>..\..\..\zlib\trees.c(802): warning C4131: 'build_bl_tree' : uses old-style declarator
     1>..\..\..\zlib\trees.c(837): warning C4131: 'send_all_trees' : uses old-style declarator
     1>..\..\..\zlib\trees.c(866): warning C4131: '_tr_stored_block' : uses old-style declarator
     1>..\..\..\zlib\trees.c(883): warning C4131: '_tr_flush_bits' : uses old-style declarator
     1>..\..\..\zlib\trees.c(893): warning C4131: '_tr_align' : uses old-style declarator
     1>..\..\..\zlib\trees.c(908): warning C4131: '_tr_flush_block' : uses old-style declarator
     1>..\..\..\zlib\trees.c(1011): warning C4131: '_tr_tally' : uses old-style declarator
     1>..\..\..\zlib\trees.c(1061): warning C4131: 'compress_block' : uses old-style declarator
     1>..\..\..\zlib\trees.c(1121): warning C4131: 'detect_data_type' : uses old-style declarator
     1>..\..\..\zlib\trees.c(1155): warning C4131: 'bi_reverse' : uses old-style declarator
     1>..\..\..\zlib\trees.c(1170): warning C4131: 'bi_flush' : uses old-style declarator
     1>..\..\..\zlib\trees.c(1187): warning C4131: 'bi_windup' : uses old-style declarator
     1>..\..\..\zlib\trees.c(1206): warning C4131: 'copy_block' : uses old-style declarator
         uncompr.c
     1>..\..\..\zlib\uncompr.c(25): warning C4131: 'uncompress' : uses old-style declarator
         zutil.c
     1>..\..\..\zlib\zutil.c(137): warning C4131: 'zError' : uses old-style declarator
     1>..\..\..\zlib\zutil.c(305): warning C4131: 'zcalloc' : uses old-style declarator
     1>..\..\..\zlib\zutil.c(315): warning C4131: 'zcfree' : uses old-style declarator
         Generating Code...
       ResourceCompile:
         C:\Program Files (x86)\Microsoft SDKs\Windows\v7.0A\bin\rc.exe /D _UNICODE /D UNICODE /l"0x0409" /nologo /fo"Release\zlib1.res" ..\..\..\zlib\win32\zlib1.rc 
       Link:
         C:\Program Files (x86)\Microsoft Visual Studio 10.0\VC\bin\link.exe /ERRORREPORT:PROMPT /OUT:"C:\Users\adevito\Documents\tools\libewf-20160424\msvscpp\Release\zlib.dll" /NOLOGO /LIBPATH:"C:\Users\adevito\Documents\tools\libewf-20160424\msvscpp\Release\\" kernel32.lib user32.lib gdi32.lib winspool.lib comdlg32.lib advapi32.lib shell32.lib ole32.lib oleaut32.lib uuid.lib odbc32.lib odbccp32.lib /MANIFEST /ManifestFile:"Release\zlib.dll.intermediate.manifest" /MANIFESTUAC:"level='asInvoker' uiAccess='false'" /PDB:"C:\Users\adevito\Documents\tools\libewf-20160424\msvscpp\Release\zlib.pdb" /TLBID:1 /DYNAMICBASE /NXCOMPAT /IMPLIB:"C:\Users\adevito\Documents\tools\libewf-20160424\msvscpp\Release\zlib.lib" /MACHINE:X86 /DLL Release\zlib1.res
         Release\adler32.obj
         Release\compress.obj
         Release\crc32.obj
         Release\deflate.obj
         Release\gzclose.obj
         Release\gzlib.obj
         Release\gzread.obj
         Release\gzwrite.obj
         Release\infback.obj
         Release\inffast.obj
         Release\inflate.obj
         Release\inftrees.obj
         Release\trees.obj
         Release\uncompr.obj
         Release\zutil.obj
            Creating library C:\Users\adevito\Documents\tools\libewf-20160424\msvscpp\Release\zlib.lib and object C:\Users\adevito\Documents\tools\libewf-20160424\msvscpp\Release\zlib.exp
         zlib.vcxproj -> C:\Users\adevito\Documents\tools\libewf-20160424\msvscpp\Release\zlib.dll
       Manifest:
         C:\Program Files (x86)\Microsoft SDKs\Windows\v7.0A\bin\mt.exe /nologo /verbose /outputresource:"C:\Users\adevito\Documents\tools\libewf-20160424\msvscpp\Release\zlib.dll;#2" /manifest Release\zlib.dll.intermediate.manifest
       FinalizeBuildStatus:
         Deleting file "Release\zlib.unsuccessfulbuild".
         Touching "Release\zlib.lastbuildstate".
     1>Done Building Project "C:\Users\adevito\Documents\tools\libewf-20160424\msvscpp\zlib\zlib.vcxproj" (rebuild target(s)).

Build succeeded.

Time Elapsed 00:00:04.04
