C:\Users\adevito\Documents\tools\libewf-20160424\msvscpp\libfdata\Release\cl.command.1.tlog
C:\Users\adevito\Documents\tools\libewf-20160424\msvscpp\libfdata\Release\CL.read.1.tlog
C:\Users\adevito\Documents\tools\libewf-20160424\msvscpp\libfdata\Release\CL.write.1.tlog
C:\Users\adevito\Documents\tools\libewf-20160424\msvscpp\libfdata\Release\lib.command.1.tlog
C:\Users\adevito\Documents\tools\libewf-20160424\msvscpp\libfdata\Release\libfdata.vcxprojResolveAssemblyReference.cache
C:\Users\adevito\Documents\tools\libewf-20160424\msvscpp\libfdata\Release\libfdata.write.1.tlog
C:\USERS\ADEVITO\DOCUMENTS\TOOLS\LIBEWF-20160424\MSVSCPP\LIBFDATA\RELEASE\LIBFDATA_AREA.OBJ
C:\USERS\ADEVITO\DOCUMENTS\TOOLS\LIBEWF-20160424\MSVSCPP\LIBFDATA\RELEASE\LIBFDATA_BTREE.OBJ
C:\USERS\ADEVITO\DOCUMENTS\TOOLS\LIBEWF-20160424\MSVSCPP\LIBFDATA\RELEASE\LIBFDATA_BTREE_NODE.OBJ
C:\USERS\ADEVITO\DOCUMENTS\TOOLS\LIBEWF-20160424\MSVSCPP\LIBFDATA\RELEASE\LIBFDATA_BTREE_RANGE.OBJ
C:\USERS\ADEVITO\DOCUMENTS\TOOLS\LIBEWF-20160424\MSVSCPP\LIBFDATA\RELEASE\LIBFDATA_CACHE.OBJ
C:\USERS\ADEVITO\DOCUMENTS\TOOLS\LIBEWF-20160424\MSVSCPP\LIBFDATA\RELEASE\LIBFDATA_ERROR.OBJ
C:\USERS\ADEVITO\DOCUMENTS\TOOLS\LIBEWF-20160424\MSVSCPP\LIBFDATA\RELEASE\LIBFDATA_LIST.OBJ
C:\USERS\ADEVITO\DOCUMENTS\TOOLS\LIBEWF-20160424\MSVSCPP\LIBFDATA\RELEASE\LIBFDATA_LIST_ELEMENT.OBJ
C:\USERS\ADEVITO\DOCUMENTS\TOOLS\LIBEWF-20160424\MSVSCPP\LIBFDATA\RELEASE\LIBFDATA_MAPPED_RANGE.OBJ
C:\USERS\ADEVITO\DOCUMENTS\TOOLS\LIBEWF-20160424\MSVSCPP\LIBFDATA\RELEASE\LIBFDATA_NOTIFY.OBJ
C:\USERS\ADEVITO\DOCUMENTS\TOOLS\LIBEWF-20160424\MSVSCPP\LIBFDATA\RELEASE\LIBFDATA_RANGE.OBJ
C:\USERS\ADEVITO\DOCUMENTS\TOOLS\LIBEWF-20160424\MSVSCPP\LIBFDATA\RELEASE\LIBFDATA_RANGE_LIST.OBJ
C:\USERS\ADEVITO\DOCUMENTS\TOOLS\LIBEWF-20160424\MSVSCPP\LIBFDATA\RELEASE\LIBFDATA_SEGMENTS_ARRAY.OBJ
C:\USERS\ADEVITO\DOCUMENTS\TOOLS\LIBEWF-20160424\MSVSCPP\LIBFDATA\RELEASE\LIBFDATA_STREAM.OBJ
C:\USERS\ADEVITO\DOCUMENTS\TOOLS\LIBEWF-20160424\MSVSCPP\LIBFDATA\RELEASE\LIBFDATA_SUPPORT.OBJ
C:\USERS\ADEVITO\DOCUMENTS\TOOLS\LIBEWF-20160424\MSVSCPP\LIBFDATA\RELEASE\LIBFDATA_TREE.OBJ
C:\USERS\ADEVITO\DOCUMENTS\TOOLS\LIBEWF-20160424\MSVSCPP\LIBFDATA\RELEASE\LIBFDATA_TREE_NODE.OBJ
C:\USERS\ADEVITO\DOCUMENTS\TOOLS\LIBEWF-20160424\MSVSCPP\LIBFDATA\RELEASE\LIBFDATA_VECTOR.OBJ
C:\Users\adevito\Documents\tools\libewf-20160424\msvscpp\libfdata\Release\Lib-link.read.1.tlog
C:\Users\adevito\Documents\tools\libewf-20160424\msvscpp\libfdata\Release\Lib-link.write.1.tlog
C:\USERS\ADEVITO\DOCUMENTS\TOOLS\LIBEWF-20160424\MSVSCPP\LIBFDATA\RELEASE\VC100.PDB
C:\USERS\ADEVITO\DOCUMENTS\TOOLS\LIBEWF-20160424\MSVSCPP\RELEASE\LIBFDATA.LIB
