C:\USERS\ADEVITO\DOCUMENTS\TOOLS\LIBEWF-20160424\MSVSCPP\EWFACQUIRE\RELEASE\BYTE_SIZE_STRING.OBJ
C:\Users\adevito\Documents\tools\libewf-20160424\msvscpp\ewfacquire\Release\cl.command.1.tlog
C:\Users\adevito\Documents\tools\libewf-20160424\msvscpp\ewfacquire\Release\CL.read.1.tlog
C:\Users\adevito\Documents\tools\libewf-20160424\msvscpp\ewfacquire\Release\CL.write.1.tlog
C:\USERS\ADEVITO\DOCUMENTS\TOOLS\LIBEWF-20160424\MSVSCPP\EWFACQUIRE\RELEASE\DEVICE_HANDLE.OBJ
C:\USERS\ADEVITO\DOCUMENTS\TOOLS\LIBEWF-20160424\MSVSCPP\EWFACQUIRE\RELEASE\DIGEST_HASH.OBJ
C:\USERS\ADEVITO\DOCUMENTS\TOOLS\LIBEWF-20160424\MSVSCPP\EWFACQUIRE\RELEASE\EWFACQUIRE.EXE.INTERMEDIATE.MANIFEST
C:\USERS\ADEVITO\DOCUMENTS\TOOLS\LIBEWF-20160424\MSVSCPP\EWFACQUIRE\RELEASE\EWFACQUIRE.OBJ
C:\Users\adevito\Documents\tools\libewf-20160424\msvscpp\ewfacquire\Release\ewfacquire.vcxprojResolveAssemblyReference.cache
C:\Users\adevito\Documents\tools\libewf-20160424\msvscpp\ewfacquire\Release\ewfacquire.write.1.tlog
C:\USERS\ADEVITO\DOCUMENTS\TOOLS\LIBEWF-20160424\MSVSCPP\EWFACQUIRE\RELEASE\EWFINPUT.OBJ
C:\USERS\ADEVITO\DOCUMENTS\TOOLS\LIBEWF-20160424\MSVSCPP\EWFACQUIRE\RELEASE\EWFOUTPUT.OBJ
C:\USERS\ADEVITO\DOCUMENTS\TOOLS\LIBEWF-20160424\MSVSCPP\EWFACQUIRE\RELEASE\GUID.OBJ
C:\USERS\ADEVITO\DOCUMENTS\TOOLS\LIBEWF-20160424\MSVSCPP\EWFACQUIRE\RELEASE\IMAGING_HANDLE.OBJ
C:\Users\adevito\Documents\tools\libewf-20160424\msvscpp\ewfacquire\Release\link.command.1.tlog
C:\Users\adevito\Documents\tools\libewf-20160424\msvscpp\ewfacquire\Release\link.read.1.tlog
C:\Users\adevito\Documents\tools\libewf-20160424\msvscpp\ewfacquire\Release\link.write.1.tlog
C:\USERS\ADEVITO\DOCUMENTS\TOOLS\LIBEWF-20160424\MSVSCPP\EWFACQUIRE\RELEASE\LOG_HANDLE.OBJ
C:\Users\adevito\Documents\tools\libewf-20160424\msvscpp\ewfacquire\Release\mt.command.1.tlog
C:\Users\adevito\Documents\tools\libewf-20160424\msvscpp\ewfacquire\Release\mt.read.1.tlog
C:\Users\adevito\Documents\tools\libewf-20160424\msvscpp\ewfacquire\Release\mt.write.1.tlog
C:\USERS\ADEVITO\DOCUMENTS\TOOLS\LIBEWF-20160424\MSVSCPP\EWFACQUIRE\RELEASE\PLATFORM.OBJ
C:\USERS\ADEVITO\DOCUMENTS\TOOLS\LIBEWF-20160424\MSVSCPP\EWFACQUIRE\RELEASE\PROCESS_STATUS.OBJ
C:\USERS\ADEVITO\DOCUMENTS\TOOLS\LIBEWF-20160424\MSVSCPP\EWFACQUIRE\RELEASE\STORAGE_MEDIA_BUFFER.OBJ
C:\USERS\ADEVITO\DOCUMENTS\TOOLS\LIBEWF-20160424\MSVSCPP\EWFACQUIRE\RELEASE\STORAGE_MEDIA_BUFFER_QUEUE.OBJ
C:\USERS\ADEVITO\DOCUMENTS\TOOLS\LIBEWF-20160424\MSVSCPP\EWFACQUIRE\RELEASE\VC100.PDB
C:\USERS\ADEVITO\DOCUMENTS\TOOLS\LIBEWF-20160424\MSVSCPP\RELEASE\EWFACQUIRE.EXE
