C:\USERS\ADEVITO\DOCUMENTS\TOOLS\LIBEWF-20160424\MSVSCPP\BZIP2\RELEASE\BLOCKSORT.OBJ
C:\USERS\ADEVITO\DOCUMENTS\TOOLS\LIBEWF-20160424\MSVSCPP\BZIP2\RELEASE\BZIP2.DLL.INTERMEDIATE.MANIFEST
C:\Users\adevito\Documents\tools\libewf-20160424\msvscpp\bzip2\Release\bzip2.write.1.tlog
C:\USERS\ADEVITO\DOCUMENTS\TOOLS\LIBEWF-20160424\MSVSCPP\BZIP2\RELEASE\BZLIB.OBJ
C:\Users\adevito\Documents\tools\libewf-20160424\msvscpp\bzip2\Release\cl.command.1.tlog
C:\Users\adevito\Documents\tools\libewf-20160424\msvscpp\bzip2\Release\CL.read.1.tlog
C:\Users\adevito\Documents\tools\libewf-20160424\msvscpp\bzip2\Release\CL.write.1.tlog
C:\USERS\ADEVITO\DOCUMENTS\TOOLS\LIBEWF-20160424\MSVSCPP\BZIP2\RELEASE\COMPRESS.OBJ
C:\USERS\ADEVITO\DOCUMENTS\TOOLS\LIBEWF-20160424\MSVSCPP\BZIP2\RELEASE\CRCTABLE.OBJ
C:\USERS\ADEVITO\DOCUMENTS\TOOLS\LIBEWF-20160424\MSVSCPP\BZIP2\RELEASE\DECOMPRESS.OBJ
C:\USERS\ADEVITO\DOCUMENTS\TOOLS\LIBEWF-20160424\MSVSCPP\BZIP2\RELEASE\HUFFMAN.OBJ
C:\Users\adevito\Documents\tools\libewf-20160424\msvscpp\bzip2\Release\link.command.1.tlog
C:\Users\adevito\Documents\tools\libewf-20160424\msvscpp\bzip2\Release\link.read.1.tlog
C:\Users\adevito\Documents\tools\libewf-20160424\msvscpp\bzip2\Release\link.write.1.tlog
C:\Users\adevito\Documents\tools\libewf-20160424\msvscpp\bzip2\Release\mt.command.1.tlog
C:\Users\adevito\Documents\tools\libewf-20160424\msvscpp\bzip2\Release\mt.read.1.tlog
C:\Users\adevito\Documents\tools\libewf-20160424\msvscpp\bzip2\Release\mt.write.1.tlog
C:\USERS\ADEVITO\DOCUMENTS\TOOLS\LIBEWF-20160424\MSVSCPP\BZIP2\RELEASE\RANDTABLE.OBJ
C:\USERS\ADEVITO\DOCUMENTS\TOOLS\LIBEWF-20160424\MSVSCPP\BZIP2\RELEASE\VC100.PDB
C:\USERS\ADEVITO\DOCUMENTS\TOOLS\LIBEWF-20160424\MSVSCPP\RELEASE\BZIP2.DLL
