C:\Users\adevito\Documents\tools\libewf-20160424\msvscpp\libodraw\Release\cl.command.1.tlog
C:\Users\adevito\Documents\tools\libewf-20160424\msvscpp\libodraw\Release\CL.read.1.tlog
C:\Users\adevito\Documents\tools\libewf-20160424\msvscpp\libodraw\Release\CL.write.1.tlog
C:\Users\adevito\Documents\tools\libewf-20160424\msvscpp\libodraw\Release\lib.command.1.tlog
C:\Users\adevito\Documents\tools\libewf-20160424\msvscpp\libodraw\Release\Lib-link.read.1.tlog
C:\Users\adevito\Documents\tools\libewf-20160424\msvscpp\libodraw\Release\Lib-link.write.1.tlog
C:\Users\adevito\Documents\tools\libewf-20160424\msvscpp\libodraw\Release\libodraw.vcxprojResolveAssemblyReference.cache
C:\Users\adevito\Documents\tools\libewf-20160424\msvscpp\libodraw\Release\libodraw.write.1.tlog
C:\USERS\ADEVITO\DOCUMENTS\TOOLS\LIBEWF-20160424\MSVSCPP\LIBODRAW\RELEASE\LIBODRAW_CUE_PARSER.OBJ
C:\USERS\ADEVITO\DOCUMENTS\TOOLS\LIBEWF-20160424\MSVSCPP\LIBODRAW\RELEASE\LIBODRAW_CUE_SCANNER.OBJ
C:\USERS\ADEVITO\DOCUMENTS\TOOLS\LIBEWF-20160424\MSVSCPP\LIBODRAW\RELEASE\LIBODRAW_DATA_FILE.OBJ
C:\USERS\ADEVITO\DOCUMENTS\TOOLS\LIBEWF-20160424\MSVSCPP\LIBODRAW\RELEASE\LIBODRAW_DATA_FILE_DESCRIPTOR.OBJ
C:\USERS\ADEVITO\DOCUMENTS\TOOLS\LIBEWF-20160424\MSVSCPP\LIBODRAW\RELEASE\LIBODRAW_DEBUG.OBJ
C:\USERS\ADEVITO\DOCUMENTS\TOOLS\LIBEWF-20160424\MSVSCPP\LIBODRAW\RELEASE\LIBODRAW_ERROR.OBJ
C:\USERS\ADEVITO\DOCUMENTS\TOOLS\LIBEWF-20160424\MSVSCPP\LIBODRAW\RELEASE\LIBODRAW_HANDLE.OBJ
C:\USERS\ADEVITO\DOCUMENTS\TOOLS\LIBEWF-20160424\MSVSCPP\LIBODRAW\RELEASE\LIBODRAW_IO_HANDLE.OBJ
C:\USERS\ADEVITO\DOCUMENTS\TOOLS\LIBEWF-20160424\MSVSCPP\LIBODRAW\RELEASE\LIBODRAW_METADATA.OBJ
C:\USERS\ADEVITO\DOCUMENTS\TOOLS\LIBEWF-20160424\MSVSCPP\LIBODRAW\RELEASE\LIBODRAW_NOTIFY.OBJ
C:\USERS\ADEVITO\DOCUMENTS\TOOLS\LIBEWF-20160424\MSVSCPP\LIBODRAW\RELEASE\LIBODRAW_SECTOR_RANGE.OBJ
C:\USERS\ADEVITO\DOCUMENTS\TOOLS\LIBEWF-20160424\MSVSCPP\LIBODRAW\RELEASE\LIBODRAW_SUPPORT.OBJ
C:\USERS\ADEVITO\DOCUMENTS\TOOLS\LIBEWF-20160424\MSVSCPP\LIBODRAW\RELEASE\LIBODRAW_TRACK_VALUE.OBJ
C:\USERS\ADEVITO\DOCUMENTS\TOOLS\LIBEWF-20160424\MSVSCPP\LIBODRAW\RELEASE\VC100.PDB
C:\USERS\ADEVITO\DOCUMENTS\TOOLS\LIBEWF-20160424\MSVSCPP\RELEASE\LIBODRAW.LIB
