Build started 17/10/2016 18:16:35.
     1>Project "C:\Users\adevito\Documents\tools\libvmdk-20160119\msvscpp\libcsplit\libcsplit.vcxproj" on node 4 (build target(s)).
     1>InitializeBuildStatus:
         Creating "Release\libcsplit.unsuccessfulbuild" because "AlwaysCreate" was specified.
       ClCompile:
         C:\Program Files (x86)\Microsoft Visual Studio 10.0\VC\bin\CL.exe /c /I..\..\include /I..\..\common /I..\..\libcstring /I..\..\libcerror /Zi /nologo /W4 /WX- /O2 /Oy- /D _CRT_SECURE_NO_DEPRECATE /D HAVE_LOCAL_LIBCSTRING /D HAVE_LOCAL_LIBCERROR /D HAVE_LOCAL_LIBCSPLIT /D _UNICODE /D UNICODE /Gm- /EHsc /MD /GS /fp:precise /Zc:wchar_t /Zc:forScope /Fo"Release\\" /Fd"Release\vc100.pdb" /Gd /TC /analyze- /errorReport:prompt ..\..\libcsplit\libcsplit_error.c ..\..\libcsplit\libcsplit_narrow_split_string.c ..\..\libcsplit\libcsplit_narrow_string.c ..\..\libcsplit\libcsplit_support.c ..\..\libcsplit\libcsplit_wide_split_string.c ..\..\libcsplit\libcsplit_wide_string.c
         libcsplit_error.c
         libcsplit_narrow_split_string.c
         libcsplit_narrow_string.c
         libcsplit_support.c
         libcsplit_wide_split_string.c
         libcsplit_wide_string.c
         Generating Code...
       Lib:
         C:\Program Files (x86)\Microsoft Visual Studio 10.0\VC\bin\Lib.exe /OUT:"C:\Users\adevito\Documents\tools\libvmdk-20160119\msvscpp\Release\libcsplit.lib" /NOLOGO Release\libcsplit_error.obj
         Release\libcsplit_narrow_split_string.obj
         Release\libcsplit_narrow_string.obj
         Release\libcsplit_support.obj
         Release\libcsplit_wide_split_string.obj
         Release\libcsplit_wide_string.obj
         libcsplit.vcxproj -> C:\Users\adevito\Documents\tools\libvmdk-20160119\msvscpp\Release\libcsplit.lib
       FinalizeBuildStatus:
         Deleting file "Release\libcsplit.unsuccessfulbuild".
         Touching "Release\libcsplit.lastbuildstate".
     1>Done Building Project "C:\Users\adevito\Documents\tools\libvmdk-20160119\msvscpp\libcsplit\libcsplit.vcxproj" (build target(s)).

Build succeeded.

Time Elapsed 00:00:08.45
