C:\USERS\ADEVITO\DOCUMENTS\TOOLS\LIBEWF-20160424\MSVSCPP\EWFINFO\RELEASE\BYTE_SIZE_STRING.OBJ
C:\Users\adevito\Documents\tools\libewf-20160424\msvscpp\ewfinfo\Release\cl.command.1.tlog
C:\Users\adevito\Documents\tools\libewf-20160424\msvscpp\ewfinfo\Release\CL.read.1.tlog
C:\Users\adevito\Documents\tools\libewf-20160424\msvscpp\ewfinfo\Release\CL.write.1.tlog
C:\USERS\ADEVITO\DOCUMENTS\TOOLS\LIBEWF-20160424\MSVSCPP\EWFINFO\RELEASE\DIGEST_HASH.OBJ
C:\USERS\ADEVITO\DOCUMENTS\TOOLS\LIBEWF-20160424\MSVSCPP\EWFINFO\RELEASE\EWFINFO.EXE.INTERMEDIATE.MANIFEST
C:\USERS\ADEVITO\DOCUMENTS\TOOLS\LIBEWF-20160424\MSVSCPP\EWFINFO\RELEASE\EWFINFO.OBJ
C:\Users\adevito\Documents\tools\libewf-20160424\msvscpp\ewfinfo\Release\ewfinfo.vcxprojResolveAssemblyReference.cache
C:\Users\adevito\Documents\tools\libewf-20160424\msvscpp\ewfinfo\Release\ewfinfo.write.1.tlog
C:\USERS\ADEVITO\DOCUMENTS\TOOLS\LIBEWF-20160424\MSVSCPP\EWFINFO\RELEASE\EWFINPUT.OBJ
C:\USERS\ADEVITO\DOCUMENTS\TOOLS\LIBEWF-20160424\MSVSCPP\EWFINFO\RELEASE\EWFOUTPUT.OBJ
C:\USERS\ADEVITO\DOCUMENTS\TOOLS\LIBEWF-20160424\MSVSCPP\EWFINFO\RELEASE\GUID.OBJ
C:\USERS\ADEVITO\DOCUMENTS\TOOLS\LIBEWF-20160424\MSVSCPP\EWFINFO\RELEASE\INFO_HANDLE.OBJ
C:\Users\adevito\Documents\tools\libewf-20160424\msvscpp\ewfinfo\Release\link.command.1.tlog
C:\Users\adevito\Documents\tools\libewf-20160424\msvscpp\ewfinfo\Release\link.read.1.tlog
C:\Users\adevito\Documents\tools\libewf-20160424\msvscpp\ewfinfo\Release\link.write.1.tlog
C:\Users\adevito\Documents\tools\libewf-20160424\msvscpp\ewfinfo\Release\mt.command.1.tlog
C:\Users\adevito\Documents\tools\libewf-20160424\msvscpp\ewfinfo\Release\mt.read.1.tlog
C:\Users\adevito\Documents\tools\libewf-20160424\msvscpp\ewfinfo\Release\mt.write.1.tlog
C:\USERS\ADEVITO\DOCUMENTS\TOOLS\LIBEWF-20160424\MSVSCPP\EWFINFO\RELEASE\PLATFORM.OBJ
C:\USERS\ADEVITO\DOCUMENTS\TOOLS\LIBEWF-20160424\MSVSCPP\EWFINFO\RELEASE\VC100.PDB
C:\USERS\ADEVITO\DOCUMENTS\TOOLS\LIBEWF-20160424\MSVSCPP\RELEASE\EWFINFO.EXE
