C:\USERS\ADEVITO\DOCUMENTS\TOOLS\LIBEWF-20160424\MSVSCPP\EWF.NET\RELEASE\.NETFRAMEWORK,VERSION=V4.0.ASSEMBLYATTRIBUTES.OBJ
C:\Users\adevito\Documents\tools\libewf-20160424\msvscpp\ewf.net\Release\cl.command.1.tlog
C:\Users\adevito\Documents\tools\libewf-20160424\msvscpp\ewf.net\Release\CL.read.1.tlog
C:\Users\adevito\Documents\tools\libewf-20160424\msvscpp\ewf.net\Release\CL.write.1.tlog
C:\USERS\ADEVITO\DOCUMENTS\TOOLS\LIBEWF-20160424\MSVSCPP\EWF.NET\RELEASE\EWF.NET.DLL.INTERMEDIATE.MANIFEST
C:\USERS\ADEVITO\DOCUMENTS\TOOLS\LIBEWF-20160424\MSVSCPP\EWF.NET\RELEASE\EWF.NET.RES
C:\Users\adevito\Documents\tools\libewf-20160424\msvscpp\ewf.net\Release\ewf.net.vcxprojResolveAssemblyReference.cache
C:\Users\adevito\Documents\tools\libewf-20160424\msvscpp\ewf.net\Release\ewf.net.write.1.tlog
C:\USERS\ADEVITO\DOCUMENTS\TOOLS\LIBEWF-20160424\MSVSCPP\EWF.NET\RELEASE\EWF.NET_DATETIME.OBJ
C:\USERS\ADEVITO\DOCUMENTS\TOOLS\LIBEWF-20160424\MSVSCPP\EWF.NET\RELEASE\EWF.NET_FILE_ENTRY.OBJ
C:\USERS\ADEVITO\DOCUMENTS\TOOLS\LIBEWF-20160424\MSVSCPP\EWF.NET\RELEASE\EWF.NET_HANDLE.OBJ
C:\USERS\ADEVITO\DOCUMENTS\TOOLS\LIBEWF-20160424\MSVSCPP\EWF.NET\RELEASE\EWF.NET_SECTOR_RANGE.OBJ
C:\USERS\ADEVITO\DOCUMENTS\TOOLS\LIBEWF-20160424\MSVSCPP\EWF.NET\RELEASE\EWF.NET_SUPPORT.OBJ
C:\Users\adevito\Documents\tools\libewf-20160424\msvscpp\ewf.net\Release\link.command.1.tlog
C:\Users\adevito\Documents\tools\libewf-20160424\msvscpp\ewf.net\Release\link.read.1.tlog
C:\Users\adevito\Documents\tools\libewf-20160424\msvscpp\ewf.net\Release\link.write.1.tlog
C:\Users\adevito\Documents\tools\libewf-20160424\msvscpp\ewf.net\Release\link-cvtres.read.1.tlog
C:\Users\adevito\Documents\tools\libewf-20160424\msvscpp\ewf.net\Release\link-cvtres.write.1.tlog
C:\Users\adevito\Documents\tools\libewf-20160424\msvscpp\ewf.net\Release\mt.command.1.tlog
C:\Users\adevito\Documents\tools\libewf-20160424\msvscpp\ewf.net\Release\mt.read.1.tlog
C:\Users\adevito\Documents\tools\libewf-20160424\msvscpp\ewf.net\Release\mt.write.1.tlog
C:\Users\adevito\Documents\tools\libewf-20160424\msvscpp\ewf.net\Release\rc.command.1.tlog
C:\Users\adevito\Documents\tools\libewf-20160424\msvscpp\ewf.net\Release\rc.read.1.tlog
C:\Users\adevito\Documents\tools\libewf-20160424\msvscpp\ewf.net\Release\rc.write.1.tlog
C:\USERS\ADEVITO\DOCUMENTS\TOOLS\LIBEWF-20160424\MSVSCPP\EWF.NET\RELEASE\VC100.PDB
C:\USERS\ADEVITO\DOCUMENTS\TOOLS\LIBEWF-20160424\MSVSCPP\RELEASE\EWF.NET.DLL
