C:\USERS\ADEVITO\DOCUMENTS\TOOLS\LIBEWF-20160424\MSVSCPP\EWFRECOVER\RELEASE\BYTE_SIZE_STRING.OBJ
C:\Users\adevito\Documents\tools\libewf-20160424\msvscpp\ewfrecover\Release\cl.command.1.tlog
C:\Users\adevito\Documents\tools\libewf-20160424\msvscpp\ewfrecover\Release\CL.read.1.tlog
C:\Users\adevito\Documents\tools\libewf-20160424\msvscpp\ewfrecover\Release\CL.write.1.tlog
C:\USERS\ADEVITO\DOCUMENTS\TOOLS\LIBEWF-20160424\MSVSCPP\EWFRECOVER\RELEASE\DIGEST_HASH.OBJ
C:\USERS\ADEVITO\DOCUMENTS\TOOLS\LIBEWF-20160424\MSVSCPP\EWFRECOVER\RELEASE\EWFINPUT.OBJ
C:\USERS\ADEVITO\DOCUMENTS\TOOLS\LIBEWF-20160424\MSVSCPP\EWFRECOVER\RELEASE\EWFOUTPUT.OBJ
C:\USERS\ADEVITO\DOCUMENTS\TOOLS\LIBEWF-20160424\MSVSCPP\EWFRECOVER\RELEASE\EWFRECOVER.EXE.INTERMEDIATE.MANIFEST
C:\USERS\ADEVITO\DOCUMENTS\TOOLS\LIBEWF-20160424\MSVSCPP\EWFRECOVER\RELEASE\EWFRECOVER.OBJ
C:\Users\adevito\Documents\tools\libewf-20160424\msvscpp\ewfrecover\Release\ewfrecover.vcxprojResolveAssemblyReference.cache
C:\Users\adevito\Documents\tools\libewf-20160424\msvscpp\ewfrecover\Release\ewfrecover.write.1.tlog
C:\USERS\ADEVITO\DOCUMENTS\TOOLS\LIBEWF-20160424\MSVSCPP\EWFRECOVER\RELEASE\EXPORT_HANDLE.OBJ
C:\USERS\ADEVITO\DOCUMENTS\TOOLS\LIBEWF-20160424\MSVSCPP\EWFRECOVER\RELEASE\GUID.OBJ
C:\Users\adevito\Documents\tools\libewf-20160424\msvscpp\ewfrecover\Release\link.command.1.tlog
C:\Users\adevito\Documents\tools\libewf-20160424\msvscpp\ewfrecover\Release\link.read.1.tlog
C:\Users\adevito\Documents\tools\libewf-20160424\msvscpp\ewfrecover\Release\link.write.1.tlog
C:\USERS\ADEVITO\DOCUMENTS\TOOLS\LIBEWF-20160424\MSVSCPP\EWFRECOVER\RELEASE\LOG_HANDLE.OBJ
C:\Users\adevito\Documents\tools\libewf-20160424\msvscpp\ewfrecover\Release\mt.command.1.tlog
C:\Users\adevito\Documents\tools\libewf-20160424\msvscpp\ewfrecover\Release\mt.read.1.tlog
C:\Users\adevito\Documents\tools\libewf-20160424\msvscpp\ewfrecover\Release\mt.write.1.tlog
C:\USERS\ADEVITO\DOCUMENTS\TOOLS\LIBEWF-20160424\MSVSCPP\EWFRECOVER\RELEASE\PLATFORM.OBJ
C:\USERS\ADEVITO\DOCUMENTS\TOOLS\LIBEWF-20160424\MSVSCPP\EWFRECOVER\RELEASE\PROCESS_STATUS.OBJ
C:\USERS\ADEVITO\DOCUMENTS\TOOLS\LIBEWF-20160424\MSVSCPP\EWFRECOVER\RELEASE\STORAGE_MEDIA_BUFFER.OBJ
C:\USERS\ADEVITO\DOCUMENTS\TOOLS\LIBEWF-20160424\MSVSCPP\EWFRECOVER\RELEASE\STORAGE_MEDIA_BUFFER_QUEUE.OBJ
C:\USERS\ADEVITO\DOCUMENTS\TOOLS\LIBEWF-20160424\MSVSCPP\EWFRECOVER\RELEASE\VC100.PDB
C:\USERS\ADEVITO\DOCUMENTS\TOOLS\LIBEWF-20160424\MSVSCPP\RELEASE\EWFRECOVER.EXE
