C:\Users\adevito\Documents\tools\libewf-20160424\msvscpp\libewf\Release\cl.command.1.tlog
C:\Users\adevito\Documents\tools\libewf-20160424\msvscpp\libewf\Release\CL.read.1.tlog
C:\Users\adevito\Documents\tools\libewf-20160424\msvscpp\libewf\Release\CL.write.1.tlog
C:\USERS\ADEVITO\DOCUMENTS\TOOLS\LIBEWF-20160424\MSVSCPP\LIBEWF\RELEASE\LIBEWF.DLL.INTERMEDIATE.MANIFEST
C:\USERS\ADEVITO\DOCUMENTS\TOOLS\LIBEWF-20160424\MSVSCPP\LIBEWF\RELEASE\LIBEWF.OBJ
C:\USERS\ADEVITO\DOCUMENTS\TOOLS\LIBEWF-20160424\MSVSCPP\LIBEWF\RELEASE\LIBEWF.RES
C:\Users\adevito\Documents\tools\libewf-20160424\msvscpp\libewf\Release\libewf.vcxprojResolveAssemblyReference.cache
C:\Users\adevito\Documents\tools\libewf-20160424\msvscpp\libewf\Release\libewf.write.1.tlog
C:\USERS\ADEVITO\DOCUMENTS\TOOLS\LIBEWF-20160424\MSVSCPP\LIBEWF\RELEASE\LIBEWF_ANALYTICAL_DATA.OBJ
C:\USERS\ADEVITO\DOCUMENTS\TOOLS\LIBEWF-20160424\MSVSCPP\LIBEWF\RELEASE\LIBEWF_CASE_DATA.OBJ
C:\USERS\ADEVITO\DOCUMENTS\TOOLS\LIBEWF-20160424\MSVSCPP\LIBEWF\RELEASE\LIBEWF_CHECKSUM.OBJ
C:\USERS\ADEVITO\DOCUMENTS\TOOLS\LIBEWF-20160424\MSVSCPP\LIBEWF\RELEASE\LIBEWF_CHUNK_DATA.OBJ
C:\USERS\ADEVITO\DOCUMENTS\TOOLS\LIBEWF-20160424\MSVSCPP\LIBEWF\RELEASE\LIBEWF_CHUNK_GROUP.OBJ
C:\USERS\ADEVITO\DOCUMENTS\TOOLS\LIBEWF-20160424\MSVSCPP\LIBEWF\RELEASE\LIBEWF_CHUNK_TABLE.OBJ
C:\USERS\ADEVITO\DOCUMENTS\TOOLS\LIBEWF-20160424\MSVSCPP\LIBEWF\RELEASE\LIBEWF_COMPRESSION.OBJ
C:\USERS\ADEVITO\DOCUMENTS\TOOLS\LIBEWF-20160424\MSVSCPP\LIBEWF\RELEASE\LIBEWF_DATA_CHUNK.OBJ
C:\USERS\ADEVITO\DOCUMENTS\TOOLS\LIBEWF-20160424\MSVSCPP\LIBEWF\RELEASE\LIBEWF_DATE_TIME.OBJ
C:\USERS\ADEVITO\DOCUMENTS\TOOLS\LIBEWF-20160424\MSVSCPP\LIBEWF\RELEASE\LIBEWF_DATE_TIME_VALUES.OBJ
C:\USERS\ADEVITO\DOCUMENTS\TOOLS\LIBEWF-20160424\MSVSCPP\LIBEWF\RELEASE\LIBEWF_DEBUG.OBJ
C:\USERS\ADEVITO\DOCUMENTS\TOOLS\LIBEWF-20160424\MSVSCPP\LIBEWF\RELEASE\LIBEWF_DEFLATE.OBJ
C:\USERS\ADEVITO\DOCUMENTS\TOOLS\LIBEWF-20160424\MSVSCPP\LIBEWF\RELEASE\LIBEWF_DEVICE_INFORMATION.OBJ
C:\USERS\ADEVITO\DOCUMENTS\TOOLS\LIBEWF-20160424\MSVSCPP\LIBEWF\RELEASE\LIBEWF_ERROR.OBJ
C:\USERS\ADEVITO\DOCUMENTS\TOOLS\LIBEWF-20160424\MSVSCPP\LIBEWF\RELEASE\LIBEWF_FILE_ENTRY.OBJ
C:\USERS\ADEVITO\DOCUMENTS\TOOLS\LIBEWF-20160424\MSVSCPP\LIBEWF\RELEASE\LIBEWF_FILENAME.OBJ
C:\USERS\ADEVITO\DOCUMENTS\TOOLS\LIBEWF-20160424\MSVSCPP\LIBEWF\RELEASE\LIBEWF_HANDLE.OBJ
C:\USERS\ADEVITO\DOCUMENTS\TOOLS\LIBEWF-20160424\MSVSCPP\LIBEWF\RELEASE\LIBEWF_HASH_SECTIONS.OBJ
C:\USERS\ADEVITO\DOCUMENTS\TOOLS\LIBEWF-20160424\MSVSCPP\LIBEWF\RELEASE\LIBEWF_HASH_VALUES.OBJ
C:\USERS\ADEVITO\DOCUMENTS\TOOLS\LIBEWF-20160424\MSVSCPP\LIBEWF\RELEASE\LIBEWF_HEADER_SECTIONS.OBJ
C:\USERS\ADEVITO\DOCUMENTS\TOOLS\LIBEWF-20160424\MSVSCPP\LIBEWF\RELEASE\LIBEWF_HEADER_VALUES.OBJ
C:\USERS\ADEVITO\DOCUMENTS\TOOLS\LIBEWF-20160424\MSVSCPP\LIBEWF\RELEASE\LIBEWF_IO_HANDLE.OBJ
C:\USERS\ADEVITO\DOCUMENTS\TOOLS\LIBEWF-20160424\MSVSCPP\LIBEWF\RELEASE\LIBEWF_MEDIA_VALUES.OBJ
C:\USERS\ADEVITO\DOCUMENTS\TOOLS\LIBEWF-20160424\MSVSCPP\LIBEWF\RELEASE\LIBEWF_METADATA.OBJ
C:\USERS\ADEVITO\DOCUMENTS\TOOLS\LIBEWF-20160424\MSVSCPP\LIBEWF\RELEASE\LIBEWF_NOTIFY.OBJ
C:\USERS\ADEVITO\DOCUMENTS\TOOLS\LIBEWF-20160424\MSVSCPP\LIBEWF\RELEASE\LIBEWF_READ_IO_HANDLE.OBJ
C:\USERS\ADEVITO\DOCUMENTS\TOOLS\LIBEWF-20160424\MSVSCPP\LIBEWF\RELEASE\LIBEWF_RESTART_DATA.OBJ
C:\USERS\ADEVITO\DOCUMENTS\TOOLS\LIBEWF-20160424\MSVSCPP\LIBEWF\RELEASE\LIBEWF_SECTION.OBJ
C:\USERS\ADEVITO\DOCUMENTS\TOOLS\LIBEWF-20160424\MSVSCPP\LIBEWF\RELEASE\LIBEWF_SECTOR_RANGE.OBJ
C:\USERS\ADEVITO\DOCUMENTS\TOOLS\LIBEWF-20160424\MSVSCPP\LIBEWF\RELEASE\LIBEWF_SEGMENT_FILE.OBJ
C:\USERS\ADEVITO\DOCUMENTS\TOOLS\LIBEWF-20160424\MSVSCPP\LIBEWF\RELEASE\LIBEWF_SEGMENT_TABLE.OBJ
C:\USERS\ADEVITO\DOCUMENTS\TOOLS\LIBEWF-20160424\MSVSCPP\LIBEWF\RELEASE\LIBEWF_SINGLE_FILE_ENTRY.OBJ
C:\USERS\ADEVITO\DOCUMENTS\TOOLS\LIBEWF-20160424\MSVSCPP\LIBEWF\RELEASE\LIBEWF_SINGLE_FILE_TREE.OBJ
C:\USERS\ADEVITO\DOCUMENTS\TOOLS\LIBEWF-20160424\MSVSCPP\LIBEWF\RELEASE\LIBEWF_SINGLE_FILES.OBJ
C:\USERS\ADEVITO\DOCUMENTS\TOOLS\LIBEWF-20160424\MSVSCPP\LIBEWF\RELEASE\LIBEWF_SUPPORT.OBJ
C:\USERS\ADEVITO\DOCUMENTS\TOOLS\LIBEWF-20160424\MSVSCPP\LIBEWF\RELEASE\LIBEWF_WRITE_IO_HANDLE.OBJ
C:\Users\adevito\Documents\tools\libewf-20160424\msvscpp\libewf\Release\link.command.1.tlog
C:\Users\adevito\Documents\tools\libewf-20160424\msvscpp\libewf\Release\link.read.1.tlog
C:\Users\adevito\Documents\tools\libewf-20160424\msvscpp\libewf\Release\link.write.1.tlog
C:\Users\adevito\Documents\tools\libewf-20160424\msvscpp\libewf\Release\link-cvtres.read.1.tlog
C:\Users\adevito\Documents\tools\libewf-20160424\msvscpp\libewf\Release\link-cvtres.write.1.tlog
C:\Users\adevito\Documents\tools\libewf-20160424\msvscpp\libewf\Release\mt.command.1.tlog
C:\Users\adevito\Documents\tools\libewf-20160424\msvscpp\libewf\Release\mt.read.1.tlog
C:\Users\adevito\Documents\tools\libewf-20160424\msvscpp\libewf\Release\mt.write.1.tlog
C:\Users\adevito\Documents\tools\libewf-20160424\msvscpp\libewf\Release\rc.command.1.tlog
C:\Users\adevito\Documents\tools\libewf-20160424\msvscpp\libewf\Release\rc.read.1.tlog
C:\Users\adevito\Documents\tools\libewf-20160424\msvscpp\libewf\Release\rc.write.1.tlog
C:\USERS\ADEVITO\DOCUMENTS\TOOLS\LIBEWF-20160424\MSVSCPP\LIBEWF\RELEASE\VC100.PDB
C:\USERS\ADEVITO\DOCUMENTS\TOOLS\LIBEWF-20160424\MSVSCPP\RELEASE\LIBEWF.DLL
C:\Users\adevito\Documents\tools\libewf-20160424\msvscpp\Release\libewf.exp
C:\Users\adevito\Documents\tools\libewf-20160424\msvscpp\Release\libewf.lib
