C:\USERS\ADEVITO\DOCUMENTS\TOOLS\LIBEWF-20160424\MSVSCPP\EWFVERIFY\RELEASE\BYTE_SIZE_STRING.OBJ
C:\Users\adevito\Documents\tools\libewf-20160424\msvscpp\ewfverify\Release\cl.command.1.tlog
C:\Users\adevito\Documents\tools\libewf-20160424\msvscpp\ewfverify\Release\CL.read.1.tlog
C:\Users\adevito\Documents\tools\libewf-20160424\msvscpp\ewfverify\Release\CL.write.1.tlog
C:\USERS\ADEVITO\DOCUMENTS\TOOLS\LIBEWF-20160424\MSVSCPP\EWFVERIFY\RELEASE\DIGEST_HASH.OBJ
C:\USERS\ADEVITO\DOCUMENTS\TOOLS\LIBEWF-20160424\MSVSCPP\EWFVERIFY\RELEASE\EWFINPUT.OBJ
C:\USERS\ADEVITO\DOCUMENTS\TOOLS\LIBEWF-20160424\MSVSCPP\EWFVERIFY\RELEASE\EWFOUTPUT.OBJ
C:\USERS\ADEVITO\DOCUMENTS\TOOLS\LIBEWF-20160424\MSVSCPP\EWFVERIFY\RELEASE\EWFVERIFY.EXE.INTERMEDIATE.MANIFEST
C:\USERS\ADEVITO\DOCUMENTS\TOOLS\LIBEWF-20160424\MSVSCPP\EWFVERIFY\RELEASE\EWFVERIFY.OBJ
C:\Users\adevito\Documents\tools\libewf-20160424\msvscpp\ewfverify\Release\ewfverify.vcxprojResolveAssemblyReference.cache
C:\Users\adevito\Documents\tools\libewf-20160424\msvscpp\ewfverify\Release\ewfverify.write.1.tlog
C:\Users\adevito\Documents\tools\libewf-20160424\msvscpp\ewfverify\Release\link.command.1.tlog
C:\Users\adevito\Documents\tools\libewf-20160424\msvscpp\ewfverify\Release\link.read.1.tlog
C:\Users\adevito\Documents\tools\libewf-20160424\msvscpp\ewfverify\Release\link.write.1.tlog
C:\USERS\ADEVITO\DOCUMENTS\TOOLS\LIBEWF-20160424\MSVSCPP\EWFVERIFY\RELEASE\LOG_HANDLE.OBJ
C:\Users\adevito\Documents\tools\libewf-20160424\msvscpp\ewfverify\Release\mt.command.1.tlog
C:\Users\adevito\Documents\tools\libewf-20160424\msvscpp\ewfverify\Release\mt.read.1.tlog
C:\Users\adevito\Documents\tools\libewf-20160424\msvscpp\ewfverify\Release\mt.write.1.tlog
C:\USERS\ADEVITO\DOCUMENTS\TOOLS\LIBEWF-20160424\MSVSCPP\EWFVERIFY\RELEASE\PROCESS_STATUS.OBJ
C:\USERS\ADEVITO\DOCUMENTS\TOOLS\LIBEWF-20160424\MSVSCPP\EWFVERIFY\RELEASE\STORAGE_MEDIA_BUFFER.OBJ
C:\USERS\ADEVITO\DOCUMENTS\TOOLS\LIBEWF-20160424\MSVSCPP\EWFVERIFY\RELEASE\STORAGE_MEDIA_BUFFER_QUEUE.OBJ
C:\USERS\ADEVITO\DOCUMENTS\TOOLS\LIBEWF-20160424\MSVSCPP\EWFVERIFY\RELEASE\VC100.PDB
C:\USERS\ADEVITO\DOCUMENTS\TOOLS\LIBEWF-20160424\MSVSCPP\EWFVERIFY\RELEASE\VERIFICATION_HANDLE.OBJ
C:\USERS\ADEVITO\DOCUMENTS\TOOLS\LIBEWF-20160424\MSVSCPP\RELEASE\EWFVERIFY.EXE
