C:\Users\adevito\Documents\tools\libewf-20160424\msvscpp\libuna\Release\cl.command.1.tlog
C:\Users\adevito\Documents\tools\libewf-20160424\msvscpp\libuna\Release\CL.read.1.tlog
C:\Users\adevito\Documents\tools\libewf-20160424\msvscpp\libuna\Release\CL.write.1.tlog
C:\Users\adevito\Documents\tools\libewf-20160424\msvscpp\libuna\Release\lib.command.1.tlog
C:\Users\adevito\Documents\tools\libewf-20160424\msvscpp\libuna\Release\Lib-link.read.1.tlog
C:\Users\adevito\Documents\tools\libewf-20160424\msvscpp\libuna\Release\Lib-link.write.1.tlog
C:\Users\adevito\Documents\tools\libewf-20160424\msvscpp\libuna\Release\libuna.vcxprojResolveAssemblyReference.cache
C:\Users\adevito\Documents\tools\libewf-20160424\msvscpp\libuna\Release\libuna.write.1.tlog
C:\USERS\ADEVITO\DOCUMENTS\TOOLS\LIBEWF-20160424\MSVSCPP\LIBUNA\RELEASE\LIBUNA_BASE16_STREAM.OBJ
C:\USERS\ADEVITO\DOCUMENTS\TOOLS\LIBEWF-20160424\MSVSCPP\LIBUNA\RELEASE\LIBUNA_BASE32_STREAM.OBJ
C:\USERS\ADEVITO\DOCUMENTS\TOOLS\LIBEWF-20160424\MSVSCPP\LIBUNA\RELEASE\LIBUNA_BASE64_STREAM.OBJ
C:\USERS\ADEVITO\DOCUMENTS\TOOLS\LIBEWF-20160424\MSVSCPP\LIBUNA\RELEASE\LIBUNA_BYTE_STREAM.OBJ
C:\USERS\ADEVITO\DOCUMENTS\TOOLS\LIBEWF-20160424\MSVSCPP\LIBUNA\RELEASE\LIBUNA_CODEPAGE_ISO_8859_10.OBJ
C:\USERS\ADEVITO\DOCUMENTS\TOOLS\LIBEWF-20160424\MSVSCPP\LIBUNA\RELEASE\LIBUNA_CODEPAGE_ISO_8859_13.OBJ
C:\USERS\ADEVITO\DOCUMENTS\TOOLS\LIBEWF-20160424\MSVSCPP\LIBUNA\RELEASE\LIBUNA_CODEPAGE_ISO_8859_14.OBJ
C:\USERS\ADEVITO\DOCUMENTS\TOOLS\LIBEWF-20160424\MSVSCPP\LIBUNA\RELEASE\LIBUNA_CODEPAGE_ISO_8859_15.OBJ
C:\USERS\ADEVITO\DOCUMENTS\TOOLS\LIBEWF-20160424\MSVSCPP\LIBUNA\RELEASE\LIBUNA_CODEPAGE_ISO_8859_16.OBJ
C:\USERS\ADEVITO\DOCUMENTS\TOOLS\LIBEWF-20160424\MSVSCPP\LIBUNA\RELEASE\LIBUNA_CODEPAGE_ISO_8859_2.OBJ
C:\USERS\ADEVITO\DOCUMENTS\TOOLS\LIBEWF-20160424\MSVSCPP\LIBUNA\RELEASE\LIBUNA_CODEPAGE_ISO_8859_3.OBJ
C:\USERS\ADEVITO\DOCUMENTS\TOOLS\LIBEWF-20160424\MSVSCPP\LIBUNA\RELEASE\LIBUNA_CODEPAGE_ISO_8859_4.OBJ
C:\USERS\ADEVITO\DOCUMENTS\TOOLS\LIBEWF-20160424\MSVSCPP\LIBUNA\RELEASE\LIBUNA_CODEPAGE_ISO_8859_5.OBJ
C:\USERS\ADEVITO\DOCUMENTS\TOOLS\LIBEWF-20160424\MSVSCPP\LIBUNA\RELEASE\LIBUNA_CODEPAGE_ISO_8859_6.OBJ
C:\USERS\ADEVITO\DOCUMENTS\TOOLS\LIBEWF-20160424\MSVSCPP\LIBUNA\RELEASE\LIBUNA_CODEPAGE_ISO_8859_7.OBJ
C:\USERS\ADEVITO\DOCUMENTS\TOOLS\LIBEWF-20160424\MSVSCPP\LIBUNA\RELEASE\LIBUNA_CODEPAGE_ISO_8859_8.OBJ
C:\USERS\ADEVITO\DOCUMENTS\TOOLS\LIBEWF-20160424\MSVSCPP\LIBUNA\RELEASE\LIBUNA_CODEPAGE_ISO_8859_9.OBJ
C:\USERS\ADEVITO\DOCUMENTS\TOOLS\LIBEWF-20160424\MSVSCPP\LIBUNA\RELEASE\LIBUNA_CODEPAGE_KOI8_R.OBJ
C:\USERS\ADEVITO\DOCUMENTS\TOOLS\LIBEWF-20160424\MSVSCPP\LIBUNA\RELEASE\LIBUNA_CODEPAGE_KOI8_U.OBJ
C:\USERS\ADEVITO\DOCUMENTS\TOOLS\LIBEWF-20160424\MSVSCPP\LIBUNA\RELEASE\LIBUNA_CODEPAGE_WINDOWS_1250.OBJ
C:\USERS\ADEVITO\DOCUMENTS\TOOLS\LIBEWF-20160424\MSVSCPP\LIBUNA\RELEASE\LIBUNA_CODEPAGE_WINDOWS_1251.OBJ
C:\USERS\ADEVITO\DOCUMENTS\TOOLS\LIBEWF-20160424\MSVSCPP\LIBUNA\RELEASE\LIBUNA_CODEPAGE_WINDOWS_1252.OBJ
C:\USERS\ADEVITO\DOCUMENTS\TOOLS\LIBEWF-20160424\MSVSCPP\LIBUNA\RELEASE\LIBUNA_CODEPAGE_WINDOWS_1253.OBJ
C:\USERS\ADEVITO\DOCUMENTS\TOOLS\LIBEWF-20160424\MSVSCPP\LIBUNA\RELEASE\LIBUNA_CODEPAGE_WINDOWS_1254.OBJ
C:\USERS\ADEVITO\DOCUMENTS\TOOLS\LIBEWF-20160424\MSVSCPP\LIBUNA\RELEASE\LIBUNA_CODEPAGE_WINDOWS_1255.OBJ
C:\USERS\ADEVITO\DOCUMENTS\TOOLS\LIBEWF-20160424\MSVSCPP\LIBUNA\RELEASE\LIBUNA_CODEPAGE_WINDOWS_1256.OBJ
C:\USERS\ADEVITO\DOCUMENTS\TOOLS\LIBEWF-20160424\MSVSCPP\LIBUNA\RELEASE\LIBUNA_CODEPAGE_WINDOWS_1257.OBJ
C:\USERS\ADEVITO\DOCUMENTS\TOOLS\LIBEWF-20160424\MSVSCPP\LIBUNA\RELEASE\LIBUNA_CODEPAGE_WINDOWS_1258.OBJ
C:\USERS\ADEVITO\DOCUMENTS\TOOLS\LIBEWF-20160424\MSVSCPP\LIBUNA\RELEASE\LIBUNA_CODEPAGE_WINDOWS_874.OBJ
C:\USERS\ADEVITO\DOCUMENTS\TOOLS\LIBEWF-20160424\MSVSCPP\LIBUNA\RELEASE\LIBUNA_CODEPAGE_WINDOWS_932.OBJ
C:\USERS\ADEVITO\DOCUMENTS\TOOLS\LIBEWF-20160424\MSVSCPP\LIBUNA\RELEASE\LIBUNA_CODEPAGE_WINDOWS_936.OBJ
C:\USERS\ADEVITO\DOCUMENTS\TOOLS\LIBEWF-20160424\MSVSCPP\LIBUNA\RELEASE\LIBUNA_CODEPAGE_WINDOWS_949.OBJ
C:\USERS\ADEVITO\DOCUMENTS\TOOLS\LIBEWF-20160424\MSVSCPP\LIBUNA\RELEASE\LIBUNA_CODEPAGE_WINDOWS_950.OBJ
C:\USERS\ADEVITO\DOCUMENTS\TOOLS\LIBEWF-20160424\MSVSCPP\LIBUNA\RELEASE\LIBUNA_ERROR.OBJ
C:\USERS\ADEVITO\DOCUMENTS\TOOLS\LIBEWF-20160424\MSVSCPP\LIBUNA\RELEASE\LIBUNA_SUPPORT.OBJ
C:\USERS\ADEVITO\DOCUMENTS\TOOLS\LIBEWF-20160424\MSVSCPP\LIBUNA\RELEASE\LIBUNA_UNICODE_CHARACTER.OBJ
C:\USERS\ADEVITO\DOCUMENTS\TOOLS\LIBEWF-20160424\MSVSCPP\LIBUNA\RELEASE\LIBUNA_URL_STREAM.OBJ
C:\USERS\ADEVITO\DOCUMENTS\TOOLS\LIBEWF-20160424\MSVSCPP\LIBUNA\RELEASE\LIBUNA_UTF16_STREAM.OBJ
C:\USERS\ADEVITO\DOCUMENTS\TOOLS\LIBEWF-20160424\MSVSCPP\LIBUNA\RELEASE\LIBUNA_UTF16_STRING.OBJ
C:\USERS\ADEVITO\DOCUMENTS\TOOLS\LIBEWF-20160424\MSVSCPP\LIBUNA\RELEASE\LIBUNA_UTF32_STREAM.OBJ
C:\USERS\ADEVITO\DOCUMENTS\TOOLS\LIBEWF-20160424\MSVSCPP\LIBUNA\RELEASE\LIBUNA_UTF32_STRING.OBJ
C:\USERS\ADEVITO\DOCUMENTS\TOOLS\LIBEWF-20160424\MSVSCPP\LIBUNA\RELEASE\LIBUNA_UTF7_STREAM.OBJ
C:\USERS\ADEVITO\DOCUMENTS\TOOLS\LIBEWF-20160424\MSVSCPP\LIBUNA\RELEASE\LIBUNA_UTF8_STREAM.OBJ
C:\USERS\ADEVITO\DOCUMENTS\TOOLS\LIBEWF-20160424\MSVSCPP\LIBUNA\RELEASE\LIBUNA_UTF8_STRING.OBJ
C:\USERS\ADEVITO\DOCUMENTS\TOOLS\LIBEWF-20160424\MSVSCPP\LIBUNA\RELEASE\VC100.PDB
C:\USERS\ADEVITO\DOCUMENTS\TOOLS\LIBEWF-20160424\MSVSCPP\RELEASE\LIBUNA.LIB
