Build started 18/10/2016 11:38:55.
     1>Project "C:\Users\adevito\Documents\tools\libewf-20160424\msvscpp\libuna\libuna.vcxproj" on node 4 (rebuild target(s)).
     1>_PrepareForClean:
         Deleting file "Release\libuna.lastbuildstate".
       InitializeBuildStatus:
         Creating "Release\libuna.unsuccessfulbuild" because "AlwaysCreate" was specified.
       ClCompile:
         C:\Program Files (x86)\Microsoft Visual Studio 10.0\VC\bin\CL.exe /c /I..\..\include /I..\..\common /I..\..\libcstring /I..\..\libcerror /Zi /nologo /W4 /WX- /O2 /Oy- /D _CRT_SECURE_NO_DEPRECATE /D HAVE_LOCAL_LIBCSTRING /D HAVE_LOCAL_LIBCERROR /D HAVE_LOCAL_LIBUNA /D _UNICODE /D UNICODE /Gm- /EHsc /MD /GS /fp:precise /Zc:wchar_t /Zc:forScope /Fo"Release\\" /Fd"Release\vc100.pdb" /Gd /TC /analyze- /errorReport:prompt ..\..\libuna\libuna_base16_stream.c ..\..\libuna\libuna_base32_stream.c ..\..\libuna\libuna_base64_stream.c ..\..\libuna\libuna_byte_stream.c ..\..\libuna\libuna_codepage_iso_8859_10.c ..\..\libuna\libuna_codepage_iso_8859_13.c ..\..\libuna\libuna_codepage_iso_8859_14.c ..\..\libuna\libuna_codepage_iso_8859_15.c ..\..\libuna\libuna_codepage_iso_8859_16.c ..\..\libuna\libuna_codepage_iso_8859_2.c ..\..\libuna\libuna_codepage_iso_8859_3.c ..\..\libuna\libuna_codepage_iso_8859_4.c ..\..\libuna\libuna_codepage_iso_8859_5.c ..\..\libuna\libuna_codepage_iso_8859_6.c ..\..\libuna\libuna_codepage_iso_8859_7.c ..\..\libuna\libuna_codepage_iso_8859_8.c ..\..\libuna\libuna_codepage_iso_8859_9.c ..\..\libuna\libuna_codepage_koi8_r.c ..\..\libuna\libuna_codepage_koi8_u.c ..\..\libuna\libuna_codepage_windows_1250.c ..\..\libuna\libuna_codepage_windows_1251.c ..\..\libuna\libuna_codepage_windows_1252.c ..\..\libuna\libuna_codepage_windows_1253.c ..\..\libuna\libuna_codepage_windows_1254.c ..\..\libuna\libuna_codepage_windows_1255.c ..\..\libuna\libuna_codepage_windows_1256.c ..\..\libuna\libuna_codepage_windows_1257.c ..\..\libuna\libuna_codepage_windows_1258.c ..\..\libuna\libuna_codepage_windows_874.c ..\..\libuna\libuna_codepage_windows_932.c ..\..\libuna\libuna_codepage_windows_936.c ..\..\libuna\libuna_codepage_windows_949.c ..\..\libuna\libuna_codepage_windows_950.c ..\..\libuna\libuna_error.c ..\..\libuna\libuna_support.c ..\..\libuna\libuna_unicode_character.c ..\..\libuna\libuna_url_stream.c ..\..\libuna\libuna_utf16_stream.c ..\..\libuna\libuna_utf16_string.c ..\..\libuna\libuna_utf32_stream.c ..\..\libuna\libuna_utf32_string.c ..\..\libuna\libuna_utf7_stream.c ..\..\libuna\libuna_utf8_stream.c ..\..\libuna\libuna_utf8_string.c
         libuna_base16_stream.c
         libuna_base32_stream.c
         libuna_base64_stream.c
         libuna_byte_stream.c
         libuna_codepage_iso_8859_10.c
         libuna_codepage_iso_8859_13.c
         libuna_codepage_iso_8859_14.c
         libuna_codepage_iso_8859_15.c
         libuna_codepage_iso_8859_16.c
         libuna_codepage_iso_8859_2.c
         libuna_codepage_iso_8859_3.c
         libuna_codepage_iso_8859_4.c
         libuna_codepage_iso_8859_5.c
         libuna_codepage_iso_8859_6.c
         libuna_codepage_iso_8859_7.c
         libuna_codepage_iso_8859_8.c
         libuna_codepage_iso_8859_9.c
         libuna_codepage_koi8_r.c
         libuna_codepage_koi8_u.c
         libuna_codepage_windows_1250.c
         Generating Code...
         Compiling...
         libuna_codepage_windows_1251.c
         libuna_codepage_windows_1252.c
         libuna_codepage_windows_1253.c
         libuna_codepage_windows_1254.c
         libuna_codepage_windows_1255.c
         libuna_codepage_windows_1256.c
         libuna_codepage_windows_1257.c
         libuna_codepage_windows_1258.c
         libuna_codepage_windows_874.c
         libuna_codepage_windows_932.c
         libuna_codepage_windows_936.c
         libuna_codepage_windows_949.c
         libuna_codepage_windows_950.c
         libuna_error.c
         libuna_support.c
         libuna_unicode_character.c
         libuna_url_stream.c
         libuna_utf16_stream.c
         libuna_utf16_string.c
         libuna_utf32_stream.c
         Generating Code...
         Compiling...
         libuna_utf32_string.c
         libuna_utf7_stream.c
         libuna_utf8_stream.c
         libuna_utf8_string.c
         Generating Code...
       Lib:
         C:\Program Files (x86)\Microsoft Visual Studio 10.0\VC\bin\Lib.exe /OUT:"C:\Users\adevito\Documents\tools\libewf-20160424\msvscpp\Release\libuna.lib" /NOLOGO Release\libuna_base16_stream.obj
         Release\libuna_base32_stream.obj
         Release\libuna_base64_stream.obj
         Release\libuna_byte_stream.obj
         Release\libuna_codepage_iso_8859_10.obj
         Release\libuna_codepage_iso_8859_13.obj
         Release\libuna_codepage_iso_8859_14.obj
         Release\libuna_codepage_iso_8859_15.obj
         Release\libuna_codepage_iso_8859_16.obj
         Release\libuna_codepage_iso_8859_2.obj
         Release\libuna_codepage_iso_8859_3.obj
         Release\libuna_codepage_iso_8859_4.obj
         Release\libuna_codepage_iso_8859_5.obj
         Release\libuna_codepage_iso_8859_6.obj
         Release\libuna_codepage_iso_8859_7.obj
         Release\libuna_codepage_iso_8859_8.obj
         Release\libuna_codepage_iso_8859_9.obj
         Release\libuna_codepage_koi8_r.obj
         Release\libuna_codepage_koi8_u.obj
         Release\libuna_codepage_windows_1250.obj
         Release\libuna_codepage_windows_1251.obj
         Release\libuna_codepage_windows_1252.obj
         Release\libuna_codepage_windows_1253.obj
         Release\libuna_codepage_windows_1254.obj
         Release\libuna_codepage_windows_1255.obj
         Release\libuna_codepage_windows_1256.obj
         Release\libuna_codepage_windows_1257.obj
         Release\libuna_codepage_windows_1258.obj
         Release\libuna_codepage_windows_874.obj
         Release\libuna_codepage_windows_932.obj
         Release\libuna_codepage_windows_936.obj
         Release\libuna_codepage_windows_949.obj
         Release\libuna_codepage_windows_950.obj
         Release\libuna_error.obj
         Release\libuna_support.obj
         Release\libuna_unicode_character.obj
         Release\libuna_url_stream.obj
         Release\libuna_utf16_stream.obj
         Release\libuna_utf16_string.obj
         Release\libuna_utf32_stream.obj
         Release\libuna_utf32_string.obj
         Release\libuna_utf7_stream.obj
         Release\libuna_utf8_stream.obj
         Release\libuna_utf8_string.obj
         libuna.vcxproj -> C:\Users\adevito\Documents\tools\libewf-20160424\msvscpp\Release\libuna.lib
       FinalizeBuildStatus:
         Deleting file "Release\libuna.unsuccessfulbuild".
         Touching "Release\libuna.lastbuildstate".
     1>Done Building Project "C:\Users\adevito\Documents\tools\libewf-20160424\msvscpp\libuna\libuna.vcxproj" (rebuild target(s)).

Build succeeded.

Time Elapsed 00:00:18.76
