C:\USERS\ADEVITO\DOCUMENTS\TOOLS\LIBEWF-20160424\MSVSCPP\EWFACQUIRESTREAM\RELEASE\BYTE_SIZE_STRING.OBJ
C:\Users\adevito\Documents\tools\libewf-20160424\msvscpp\ewfacquirestream\Release\cl.command.1.tlog
C:\Users\adevito\Documents\tools\libewf-20160424\msvscpp\ewfacquirestream\Release\CL.read.1.tlog
C:\Users\adevito\Documents\tools\libewf-20160424\msvscpp\ewfacquirestream\Release\CL.write.1.tlog
C:\USERS\ADEVITO\DOCUMENTS\TOOLS\LIBEWF-20160424\MSVSCPP\EWFACQUIRESTREAM\RELEASE\DIGEST_HASH.OBJ
C:\USERS\ADEVITO\DOCUMENTS\TOOLS\LIBEWF-20160424\MSVSCPP\EWFACQUIRESTREAM\RELEASE\EWFACQUIRESTREAM.EXE.INTERMEDIATE.MANIFEST
C:\USERS\ADEVITO\DOCUMENTS\TOOLS\LIBEWF-20160424\MSVSCPP\EWFACQUIRESTREAM\RELEASE\EWFACQUIRESTREAM.OBJ
C:\Users\adevito\Documents\tools\libewf-20160424\msvscpp\ewfacquirestream\Release\ewfacquirestream.vcxprojResolveAssemblyReference.cache
C:\Users\adevito\Documents\tools\libewf-20160424\msvscpp\ewfacquirestream\Release\ewfacquirestream.write.1.tlog
C:\USERS\ADEVITO\DOCUMENTS\TOOLS\LIBEWF-20160424\MSVSCPP\EWFACQUIRESTREAM\RELEASE\EWFINPUT.OBJ
C:\USERS\ADEVITO\DOCUMENTS\TOOLS\LIBEWF-20160424\MSVSCPP\EWFACQUIRESTREAM\RELEASE\EWFOUTPUT.OBJ
C:\USERS\ADEVITO\DOCUMENTS\TOOLS\LIBEWF-20160424\MSVSCPP\EWFACQUIRESTREAM\RELEASE\GUID.OBJ
C:\USERS\ADEVITO\DOCUMENTS\TOOLS\LIBEWF-20160424\MSVSCPP\EWFACQUIRESTREAM\RELEASE\IMAGING_HANDLE.OBJ
C:\Users\adevito\Documents\tools\libewf-20160424\msvscpp\ewfacquirestream\Release\link.command.1.tlog
C:\Users\adevito\Documents\tools\libewf-20160424\msvscpp\ewfacquirestream\Release\link.read.1.tlog
C:\Users\adevito\Documents\tools\libewf-20160424\msvscpp\ewfacquirestream\Release\link.write.1.tlog
C:\USERS\ADEVITO\DOCUMENTS\TOOLS\LIBEWF-20160424\MSVSCPP\EWFACQUIRESTREAM\RELEASE\LOG_HANDLE.OBJ
C:\Users\adevito\Documents\tools\libewf-20160424\msvscpp\ewfacquirestream\Release\mt.command.1.tlog
C:\Users\adevito\Documents\tools\libewf-20160424\msvscpp\ewfacquirestream\Release\mt.read.1.tlog
C:\Users\adevito\Documents\tools\libewf-20160424\msvscpp\ewfacquirestream\Release\mt.write.1.tlog
C:\USERS\ADEVITO\DOCUMENTS\TOOLS\LIBEWF-20160424\MSVSCPP\EWFACQUIRESTREAM\RELEASE\PLATFORM.OBJ
C:\USERS\ADEVITO\DOCUMENTS\TOOLS\LIBEWF-20160424\MSVSCPP\EWFACQUIRESTREAM\RELEASE\PROCESS_STATUS.OBJ
C:\USERS\ADEVITO\DOCUMENTS\TOOLS\LIBEWF-20160424\MSVSCPP\EWFACQUIRESTREAM\RELEASE\STORAGE_MEDIA_BUFFER.OBJ
C:\USERS\ADEVITO\DOCUMENTS\TOOLS\LIBEWF-20160424\MSVSCPP\EWFACQUIRESTREAM\RELEASE\STORAGE_MEDIA_BUFFER_QUEUE.OBJ
C:\USERS\ADEVITO\DOCUMENTS\TOOLS\LIBEWF-20160424\MSVSCPP\EWFACQUIRESTREAM\RELEASE\VC100.PDB
C:\USERS\ADEVITO\DOCUMENTS\TOOLS\LIBEWF-20160424\MSVSCPP\RELEASE\EWFACQUIRESTREAM.EXE
