Build started 18/10/2016 11:38:50.
     1>Project "C:\Users\adevito\Documents\tools\libewf-20160424\msvscpp\libcstring\libcstring.vcxproj" on node 2 (rebuild target(s)).
     1>_PrepareForClean:
         Deleting file "Release\libcstring.lastbuildstate".
       InitializeBuildStatus:
         Creating "Release\libcstring.unsuccessfulbuild" because "AlwaysCreate" was specified.
       ClCompile:
         C:\Program Files (x86)\Microsoft Visual Studio 10.0\VC\bin\CL.exe /c /I..\..\include /I..\..\common /Zi /nologo /W4 /WX- /O2 /Oy- /D _CRT_SECURE_NO_DEPRECATE /D HAVE_LOCAL_LIBCSTRING /D _UNICODE /D UNICODE /Gm- /EHsc /MD /GS /fp:precise /Zc:wchar_t /Zc:forScope /Fo"Release\\" /Fd"Release\vc100.pdb" /Gd /TC /analyze- /errorReport:prompt ..\..\libcstring\libcstring_support.c ..\..\libcstring\libcstring_wide_string.c
         libcstring_support.c
         libcstring_wide_string.c
         Generating Code...
       Lib:
         C:\Program Files (x86)\Microsoft Visual Studio 10.0\VC\bin\Lib.exe /OUT:"C:\Users\adevito\Documents\tools\libewf-20160424\msvscpp\Release\libcstring.lib" /NOLOGO Release\libcstring_support.obj
         Release\libcstring_wide_string.obj
         libcstring.vcxproj -> C:\Users\adevito\Documents\tools\libewf-20160424\msvscpp\Release\libcstring.lib
       FinalizeBuildStatus:
         Deleting file "Release\libcstring.unsuccessfulbuild".
         Touching "Release\libcstring.lastbuildstate".
     1>Done Building Project "C:\Users\adevito\Documents\tools\libewf-20160424\msvscpp\libcstring\libcstring.vcxproj" (rebuild target(s)).

Build succeeded.

Time Elapsed 00:00:01.97
